{"__type":"$$EventMessageAudit","id":"d23a3981-2db9-4914-aa59-935f7828e91e","ts":"2025-12-31T19:03:28.613+09:00","eventName":"n8n.audit.workflow.updated","message":"n8n.audit.workflow.updated","payload":{"userId":"c14181ce-9762-42f9-8601-ace4c677dea7","_email":"shs1124@gmail.com","_firstName":"HS","_lastName":"song","globalRole":"global:owner","workflowId":"XHsinTv62BvAq6xE","workflowName":"News Automation - Daily Shorts + Weekly Video"}}
{"__type":"$$EventMessageConfirm","confirm":"d23a3981-2db9-4914-aa59-935f7828e91e","ts":"2025-12-31T19:03:28.613+09:00","source":{"id":"0","name":"eventBus"}}
{"__type":"$$EventMessageWorkflow","id":"f9d9838d-7d3e-42c5-8c5c-e614f610043e","ts":"2025-12-31T19:03:29.691+09:00","eventName":"n8n.workflow.started","message":"n8n.workflow.started","payload":{"executionId":"16","workflowId":"XHsinTv62BvAq6xE","isManual":false,"workflowName":"News Automation - Daily Shorts + Weekly Video"}}
{"__type":"$$EventMessageConfirm","confirm":"f9d9838d-7d3e-42c5-8c5c-e614f610043e","ts":"2025-12-31T19:03:29.691+09:00","source":{"id":"0","name":"eventBus"}}
{"__type":"$$EventMessageNode","id":"f81c4500-fed4-4a41-b86b-7a0e80eae061","ts":"2025-12-31T19:03:29.692+09:00","eventName":"n8n.node.started","message":"n8n.node.started","payload":{"workflowId":"XHsinTv62BvAq6xE","workflowName":"News Automation - Daily Shorts + Weekly Video","executionId":"16","nodeType":"n8n-nodes-base.scheduleTrigger","nodeName":"Daily 5PM (Publish at 6PM KST)","nodeId":"73a1543b-ae84-43bf-9370-cc1dedfde4f7"}}
{"__type":"$$EventMessageConfirm","confirm":"f81c4500-fed4-4a41-b86b-7a0e80eae061","ts":"2025-12-31T19:03:29.692+09:00","source":{"id":"0","name":"eventBus"}}
{"__type":"$$EventMessageNode","id":"1a6f0750-9ed7-43d2-84ed-7a772bd98891","ts":"2025-12-31T19:03:29.699+09:00","eventName":"n8n.node.finished","message":"n8n.node.finished","payload":{"workflowId":"XHsinTv62BvAq6xE","workflowName":"News Automation - Daily Shorts + Weekly Video","executionId":"16","nodeType":"n8n-nodes-base.scheduleTrigger","nodeName":"Daily 5PM (Publish at 6PM KST)","nodeId":"73a1543b-ae84-43bf-9370-cc1dedfde4f7"}}
{"__type":"$$EventMessageConfirm","confirm":"1a6f0750-9ed7-43d2-84ed-7a772bd98891","ts":"2025-12-31T19:03:29.699+09:00","source":{"id":"0","name":"eventBus"}}
{"__type":"$$EventMessageNode","id":"193e45c6-e1cd-48cc-8270-4f0d030406b0","ts":"2025-12-31T19:03:29.700+09:00","eventName":"n8n.node.started","message":"n8n.node.started","payload":{"workflowId":"XHsinTv62BvAq6xE","workflowName":"News Automation - Daily Shorts + Weekly Video","executionId":"16","nodeType":"n8n-nodes-base.if","nodeName":"Skip Weekend","nodeId":"e87efc1d-facf-4ace-bd9d-51b42cdf714c"}}
{"__type":"$$EventMessageConfirm","confirm":"193e45c6-e1cd-48cc-8270-4f0d030406b0","ts":"2025-12-31T19:03:29.700+09:00","source":{"id":"0","name":"eventBus"}}
{"__type":"$$EventMessageNode","id":"5587f215-2026-491c-ba4b-6a5321e0d76b","ts":"2025-12-31T05:03:29.721-05:00","eventName":"n8n.node.finished","message":"n8n.node.finished","payload":{"workflowId":"XHsinTv62BvAq6xE","workflowName":"News Automation - Daily Shorts + Weekly Video","executionId":"16","nodeType":"n8n-nodes-base.if","nodeName":"Skip Weekend","nodeId":"e87efc1d-facf-4ace-bd9d-51b42cdf714c"}}
{"__type":"$$EventMessageConfirm","confirm":"5587f215-2026-491c-ba4b-6a5321e0d76b","ts":"2025-12-31T05:03:29.721-05:00","source":{"id":"0","name":"eventBus"}}
{"__type":"$$EventMessageNode","id":"66568f28-a1af-4f41-8c13-fc88b4717b03","ts":"2025-12-31T05:03:29.722-05:00","eventName":"n8n.node.started","message":"n8n.node.started","payload":{"workflowId":"XHsinTv62BvAq6xE","workflowName":"News Automation - Daily Shorts + Weekly Video","executionId":"16","nodeType":"n8n-nodes-base.executeCommand","nodeName":"Run Daily Shorts","nodeId":"7de9cc79-dbd1-4ba0-a860-6cfbda18bc54"}}
{"__type":"$$EventMessageConfirm","confirm":"66568f28-a1af-4f41-8c13-fc88b4717b03","ts":"2025-12-31T05:03:29.722-05:00","source":{"id":"0","name":"eventBus"}}
{"__type":"$$EventMessageNode","id":"2e9fe202-728d-4de0-bb1f-265a58542456","ts":"2025-12-31T05:11:40.835-05:00","eventName":"n8n.node.finished","message":"n8n.node.finished","payload":{"workflowId":"XHsinTv62BvAq6xE","workflowName":"News Automation - Daily Shorts + Weekly Video","executionId":"16","nodeType":"n8n-nodes-base.executeCommand","nodeName":"Run Daily Shorts","nodeId":"7de9cc79-dbd1-4ba0-a860-6cfbda18bc54"}}
{"__type":"$$EventMessageConfirm","confirm":"2e9fe202-728d-4de0-bb1f-265a58542456","ts":"2025-12-31T05:11:40.836-05:00","source":{"id":"0","name":"eventBus"}}
{"__type":"$$EventMessageWorkflow","id":"1bb28ad6-e4c4-45ce-a8dd-32a81c4be937","ts":"2025-12-31T05:11:40.838-05:00","eventName":"n8n.workflow.failed","message":"n8n.workflow.failed","payload":{"userId":"c14181ce-9762-42f9-8601-ace4c677dea7","executionId":"16","success":false,"isManual":true,"workflowId":"XHsinTv62BvAq6xE","workflowName":"News Automation - Daily Shorts + Weekly Video","lastNodeExecuted":"Run Daily Shorts","errorNodeType":"n8n-nodes-base.executeCommand","errorMessage":"Command failed: cd D:\\workspace\\news && python run_daily_shorts.py\n"}}
{"__type":"$$EventMessageConfirm","confirm":"1bb28ad6-e4c4-45ce-a8dd-32a81c4be937","ts":"2025-12-31T05:11:40.838-05:00","source":{"id":"0","name":"eventBus"}}
{"__type":"$$EventMessageWorkflow","id":"f1a8b6dd-bba2-4f6a-96a8-b16f471509f5","ts":"2025-12-31T05:17:24.057-05:00","eventName":"n8n.workflow.started","message":"n8n.workflow.started","payload":{"executionId":"17","workflowId":"XHsinTv62BvAq6xE","isManual":false,"workflowName":"News Automation - Daily Shorts + Weekly Video"}}
{"__type":"$$EventMessageConfirm","confirm":"f1a8b6dd-bba2-4f6a-96a8-b16f471509f5","ts":"2025-12-31T05:17:24.057-05:00","source":{"id":"0","name":"eventBus"}}
{"__type":"$$EventMessageNode","id":"6dba7f30-2ca6-4bc5-8abd-8e2d1c0fc3ed","ts":"2025-12-31T05:17:24.058-05:00","eventName":"n8n.node.started","message":"n8n.node.started","payload":{"workflowId":"XHsinTv62BvAq6xE","workflowName":"News Automation - Daily Shorts + Weekly Video","executionId":"17","nodeType":"n8n-nodes-base.scheduleTrigger","nodeName":"Daily 5PM (Publish at 6PM KST)","nodeId":"73a1543b-ae84-43bf-9370-cc1dedfde4f7"}}
{"__type":"$$EventMessageConfirm","confirm":"6dba7f30-2ca6-4bc5-8abd-8e2d1c0fc3ed","ts":"2025-12-31T05:17:24.058-05:00","source":{"id":"0","name":"eventBus"}}
{"__type":"$$EventMessageNode","id":"7c92740e-2884-4472-84bf-c36d6e4f41e1","ts":"2025-12-31T05:17:24.059-05:00","eventName":"n8n.node.finished","message":"n8n.node.finished","payload":{"workflowId":"XHsinTv62BvAq6xE","workflowName":"News Automation - Daily Shorts + Weekly Video","executionId":"17","nodeType":"n8n-nodes-base.scheduleTrigger","nodeName":"Daily 5PM (Publish at 6PM KST)","nodeId":"73a1543b-ae84-43bf-9370-cc1dedfde4f7"}}
{"__type":"$$EventMessageConfirm","confirm":"7c92740e-2884-4472-84bf-c36d6e4f41e1","ts":"2025-12-31T05:17:24.059-05:00","source":{"id":"0","name":"eventBus"}}
{"__type":"$$EventMessageNode","id":"bb39a593-2376-46a3-91d6-b0dd39b68410","ts":"2025-12-31T05:17:24.059-05:00","eventName":"n8n.node.started","message":"n8n.node.started","payload":{"workflowId":"XHsinTv62BvAq6xE","workflowName":"News Automation - Daily Shorts + Weekly Video","executionId":"17","nodeType":"n8n-nodes-base.if","nodeName":"Skip Weekend","nodeId":"e87efc1d-facf-4ace-bd9d-51b42cdf714c"}}
{"__type":"$$EventMessageConfirm","confirm":"bb39a593-2376-46a3-91d6-b0dd39b68410","ts":"2025-12-31T05:17:24.059-05:00","source":{"id":"0","name":"eventBus"}}
{"__type":"$$EventMessageNode","id":"737022e3-9239-40d4-ae52-c201d81dbbce","ts":"2025-12-31T05:17:24.060-05:00","eventName":"n8n.node.finished","message":"n8n.node.finished","payload":{"workflowId":"XHsinTv62BvAq6xE","workflowName":"News Automation - Daily Shorts + Weekly Video","executionId":"17","nodeType":"n8n-nodes-base.if","nodeName":"Skip Weekend","nodeId":"e87efc1d-facf-4ace-bd9d-51b42cdf714c"}}
{"__type":"$$EventMessageConfirm","confirm":"737022e3-9239-40d4-ae52-c201d81dbbce","ts":"2025-12-31T05:17:24.060-05:00","source":{"id":"0","name":"eventBus"}}
{"__type":"$$EventMessageNode","id":"75b213c7-daa5-483a-b42f-5520adbdd59e","ts":"2025-12-31T05:17:24.061-05:00","eventName":"n8n.node.started","message":"n8n.node.started","payload":{"workflowId":"XHsinTv62BvAq6xE","workflowName":"News Automation - Daily Shorts + Weekly Video","executionId":"17","nodeType":"n8n-nodes-base.executeCommand","nodeName":"Run Daily Shorts","nodeId":"7de9cc79-dbd1-4ba0-a860-6cfbda18bc54"}}
{"__type":"$$EventMessageConfirm","confirm":"75b213c7-daa5-483a-b42f-5520adbdd59e","ts":"2025-12-31T05:17:24.061-05:00","source":{"id":"0","name":"eventBus"}}
{"__type":"$$EventMessageNode","id":"4320714c-c2d2-4728-9499-80e2e5816583","ts":"2025-12-31T05:25:22.234-05:00","eventName":"n8n.node.finished","message":"n8n.node.finished","payload":{"workflowId":"XHsinTv62BvAq6xE","workflowName":"News Automation - Daily Shorts + Weekly Video","executionId":"17","nodeType":"n8n-nodes-base.executeCommand","nodeName":"Run Daily Shorts","nodeId":"7de9cc79-dbd1-4ba0-a860-6cfbda18bc54"}}
{"__type":"$$EventMessageConfirm","confirm":"4320714c-c2d2-4728-9499-80e2e5816583","ts":"2025-12-31T05:25:22.234-05:00","source":{"id":"0","name":"eventBus"}}
{"__type":"$$EventMessageWorkflow","id":"5d562427-8b5e-4292-aa94-43b19300d5f1","ts":"2025-12-31T05:25:22.235-05:00","eventName":"n8n.workflow.success","message":"n8n.workflow.success","payload":{"userId":"c14181ce-9762-42f9-8601-ace4c677dea7","executionId":"17","success":true,"isManual":true,"workflowId":"XHsinTv62BvAq6xE","workflowName":"News Automation - Daily Shorts + Weekly Video"}}
{"__type":"$$EventMessageConfirm","confirm":"5d562427-8b5e-4292-aa94-43b19300d5f1","ts":"2025-12-31T05:25:22.235-05:00","source":{"id":"0","name":"eventBus"}}
{"__type":"$$EventMessageAudit","id":"4b3ed661-3571-4d6b-b3f0-147338c7fa20","ts":"2025-12-31T05:45:10.370-05:00","eventName":"n8n.audit.workflow.updated","message":"n8n.audit.workflow.updated","payload":{"userId":"c14181ce-9762-42f9-8601-ace4c677dea7","_email":"shs1124@gmail.com","_firstName":"HS","_lastName":"song","globalRole":"global:owner","workflowId":"XHsinTv62BvAq6xE","workflowName":"News Automation - Daily Shorts (Scheduled)"}}
{"__type":"$$EventMessageConfirm","confirm":"4b3ed661-3571-4d6b-b3f0-147338c7fa20","ts":"2025-12-31T05:45:10.370-05:00","source":{"id":"0","name":"eventBus"}}
{"__type":"$$EventMessageAudit","id":"03d4364d-e34a-4a46-a6a4-28e488d391cf","ts":"2025-12-31T05:45:59.281-05:00","eventName":"n8n.audit.workflow.updated","message":"n8n.audit.workflow.updated","payload":{"userId":"c14181ce-9762-42f9-8601-ace4c677dea7","_email":"shs1124@gmail.com","_firstName":"HS","_lastName":"song","globalRole":"global:owner","workflowId":"XHsinTv62BvAq6xE","workflowName":"News Automation - Daily Shorts (Scheduled)"}}
{"__type":"$$EventMessageConfirm","confirm":"03d4364d-e34a-4a46-a6a4-28e488d391cf","ts":"2025-12-31T05:45:59.281-05:00","source":{"id":"0","name":"eventBus"}}
{"__type":"$$EventMessageAudit","id":"f371b32a-d9a2-407e-8fec-f52edc2b1d57","ts":"2025-12-31T05:46:15.762-05:00","eventName":"n8n.audit.workflow.updated","message":"n8n.audit.workflow.updated","payload":{"userId":"c14181ce-9762-42f9-8601-ace4c677dea7","_email":"shs1124@gmail.com","_firstName":"HS","_lastName":"song","globalRole":"global:owner","workflowId":"XHsinTv62BvAq6xE","workflowName":"News Automation - Daily Shorts (Scheduled)"}}
{"__type":"$$EventMessageConfirm","confirm":"f371b32a-d9a2-407e-8fec-f52edc2b1d57","ts":"2025-12-31T05:46:15.762-05:00","source":{"id":"0","name":"eventBus"}}
{"__type":"$$EventMessageWorkflow","id":"c38ec074-8969-4fe0-a874-62a175f4ef01","ts":"2025-12-31T05:46:19.162-05:00","eventName":"n8n.workflow.started","message":"n8n.workflow.started","payload":{"executionId":"18","workflowId":"XHsinTv62BvAq6xE","isManual":false,"workflowName":"News Automation - Daily Shorts (Scheduled)"}}
{"__type":"$$EventMessageConfirm","confirm":"c38ec074-8969-4fe0-a874-62a175f4ef01","ts":"2025-12-31T05:46:19.162-05:00","source":{"id":"0","name":"eventBus"}}
{"__type":"$$EventMessageNode","id":"bf2c0d95-eaeb-468a-a559-3b8000e9c1ef","ts":"2025-12-31T05:46:19.163-05:00","eventName":"n8n.node.started","message":"n8n.node.started","payload":{"workflowId":"XHsinTv62BvAq6xE","workflowName":"News Automation - Daily Shorts (Scheduled)","executionId":"18","nodeType":"n8n-nodes-base.manualTrigger","nodeName":"Manual Trigger","nodeId":"9ad03ca7-cac5-498c-8cdf-be922db8a01b"}}
{"__type":"$$EventMessageConfirm","confirm":"bf2c0d95-eaeb-468a-a559-3b8000e9c1ef","ts":"2025-12-31T05:46:19.163-05:00","source":{"id":"0","name":"eventBus"}}
{"__type":"$$EventMessageNode","id":"3f89c34a-ffb8-44be-914e-84c6128280d7","ts":"2025-12-31T05:46:19.163-05:00","eventName":"n8n.node.finished","message":"n8n.node.finished","payload":{"workflowId":"XHsinTv62BvAq6xE","workflowName":"News Automation - Daily Shorts (Scheduled)","executionId":"18","nodeType":"n8n-nodes-base.manualTrigger","nodeName":"Manual Trigger","nodeId":"9ad03ca7-cac5-498c-8cdf-be922db8a01b"}}
{"__type":"$$EventMessageConfirm","confirm":"3f89c34a-ffb8-44be-914e-84c6128280d7","ts":"2025-12-31T05:46:19.163-05:00","source":{"id":"0","name":"eventBus"}}
{"__type":"$$EventMessageNode","id":"73326d92-e9bc-4b3f-9f6a-0432faede170","ts":"2025-12-31T05:46:19.164-05:00","eventName":"n8n.node.started","message":"n8n.node.started","payload":{"workflowId":"XHsinTv62BvAq6xE","workflowName":"News Automation - Daily Shorts (Scheduled)","executionId":"18","nodeType":"n8n-nodes-base.executeCommand","nodeName":"Run Shorts Now","nodeId":"7a628ea3-cd8a-4b35-b9a7-9f413d3e1bc5"}}
{"__type":"$$EventMessageConfirm","confirm":"73326d92-e9bc-4b3f-9f6a-0432faede170","ts":"2025-12-31T05:46:19.164-05:00","source":{"id":"0","name":"eventBus"}}
{"__type":"$$EventMessageWorkflow","id":"7cd13ba6-eba3-4450-9462-075e88b5d587","ts":"2025-12-31T05:47:47.943-05:00","eventName":"n8n.workflow.cancelled","message":"n8n.workflow.cancelled","payload":{"executionId":"18","workflowId":"XHsinTv62BvAq6xE","workflowName":"News Automation - Daily Shorts (Scheduled)","reason":"manual"}}
{"__type":"$$EventMessageConfirm","confirm":"7cd13ba6-eba3-4450-9462-075e88b5d587","ts":"2025-12-31T05:47:47.943-05:00","source":{"id":"0","name":"eventBus"}}
{"__type":"$$EventMessageWorkflow","id":"0fa07d90-24c1-4d19-b0a0-e847c60a3311","ts":"2025-12-31T05:47:47.944-05:00","eventName":"n8n.workflow.failed","message":"n8n.workflow.failed","payload":{"userId":"c14181ce-9762-42f9-8601-ace4c677dea7","executionId":"18","success":false,"isManual":true,"workflowId":"XHsinTv62BvAq6xE","workflowName":"News Automation - Daily Shorts (Scheduled)","lastNodeExecuted":"Manual Trigger"}}
{"__type":"$$EventMessageConfirm","confirm":"0fa07d90-24c1-4d19-b0a0-e847c60a3311","ts":"2025-12-31T05:47:47.944-05:00","source":{"id":"0","name":"eventBus"}}
{"__type":"$$EventMessageWorkflow","id":"ad078698-3b5f-434c-9df9-f21d91f729ae","ts":"2025-12-31T05:48:16.474-05:00","eventName":"n8n.workflow.started","message":"n8n.workflow.started","payload":{"executionId":"19","workflowId":"XHsinTv62BvAq6xE","isManual":false,"workflowName":"News Automation - Daily Shorts (Scheduled)"}}
{"__type":"$$EventMessageConfirm","confirm":"ad078698-3b5f-434c-9df9-f21d91f729ae","ts":"2025-12-31T05:48:16.475-05:00","source":{"id":"0","name":"eventBus"}}
{"__type":"$$EventMessageNode","id":"125e6f4f-c83b-4dbd-b117-98a011fbe7d2","ts":"2025-12-31T05:48:16.475-05:00","eventName":"n8n.node.started","message":"n8n.node.started","payload":{"workflowId":"XHsinTv62BvAq6xE","workflowName":"News Automation - Daily Shorts (Scheduled)","executionId":"19","nodeType":"n8n-nodes-base.manualTrigger","nodeName":"Manual Trigger","nodeId":"9ad03ca7-cac5-498c-8cdf-be922db8a01b"}}
{"__type":"$$EventMessageConfirm","confirm":"125e6f4f-c83b-4dbd-b117-98a011fbe7d2","ts":"2025-12-31T05:48:16.475-05:00","source":{"id":"0","name":"eventBus"}}
{"__type":"$$EventMessageNode","id":"a62aef93-535a-4a3d-9b2d-564f5673d304","ts":"2025-12-31T05:48:16.475-05:00","eventName":"n8n.node.finished","message":"n8n.node.finished","payload":{"workflowId":"XHsinTv62BvAq6xE","workflowName":"News Automation - Daily Shorts (Scheduled)","executionId":"19","nodeType":"n8n-nodes-base.manualTrigger","nodeName":"Manual Trigger","nodeId":"9ad03ca7-cac5-498c-8cdf-be922db8a01b"}}
{"__type":"$$EventMessageConfirm","confirm":"a62aef93-535a-4a3d-9b2d-564f5673d304","ts":"2025-12-31T05:48:16.475-05:00","source":{"id":"0","name":"eventBus"}}
{"__type":"$$EventMessageNode","id":"d7e47359-a351-4dce-a534-5b74b3190563","ts":"2025-12-31T05:48:16.476-05:00","eventName":"n8n.node.started","message":"n8n.node.started","payload":{"workflowId":"XHsinTv62BvAq6xE","workflowName":"News Automation - Daily Shorts (Scheduled)","executionId":"19","nodeType":"n8n-nodes-base.executeCommand","nodeName":"Run Shorts Now","nodeId":"7a628ea3-cd8a-4b35-b9a7-9f413d3e1bc5"}}
{"__type":"$$EventMessageConfirm","confirm":"d7e47359-a351-4dce-a534-5b74b3190563","ts":"2025-12-31T05:48:16.476-05:00","source":{"id":"0","name":"eventBus"}}
{"__type":"$$EventMessageNode","id":"050917bb-360b-45bc-add0-f0114b3aa274","ts":"2025-12-31T05:48:28.825-05:00","eventName":"n8n.node.finished","message":"n8n.node.finished","payload":{"workflowId":"XHsinTv62BvAq6xE","workflowName":"News Automation - Daily Shorts (Scheduled)","executionId":"19","nodeType":"n8n-nodes-base.executeCommand","nodeName":"Run Shorts Now","nodeId":"7a628ea3-cd8a-4b35-b9a7-9f413d3e1bc5"}}
{"__type":"$$EventMessageConfirm","confirm":"050917bb-360b-45bc-add0-f0114b3aa274","ts":"2025-12-31T05:48:28.825-05:00","source":{"id":"0","name":"eventBus"}}
{"__type":"$$EventMessageWorkflow","id":"15d974a9-e926-48a2-8d4e-2908093108da","ts":"2025-12-31T05:48:28.827-05:00","eventName":"n8n.workflow.failed","message":"n8n.workflow.failed","payload":{"userId":"c14181ce-9762-42f9-8601-ace4c677dea7","executionId":"19","success":false,"isManual":true,"workflowId":"XHsinTv62BvAq6xE","workflowName":"News Automation - Daily Shorts (Scheduled)","lastNodeExecuted":"Run Shorts Now","errorNodeType":"n8n-nodes-base.executeCommand","errorMessage":"Command failed: C:\\Users\\USER\\AppData\\Local\\Python\\pythoncore-3.14-64\\python.exe D:\\workspace\\news\\run_daily_shorts_now.py\n"}}
{"__type":"$$EventMessageConfirm","confirm":"15d974a9-e926-48a2-8d4e-2908093108da","ts":"2025-12-31T05:48:28.827-05:00","source":{"id":"0","name":"eventBus"}}
{"__type":"$$EventMessageWorkflow","id":"0bb09782-43dc-43c2-b56d-f06413cf1715","ts":"2025-12-31T05:49:44.270-05:00","eventName":"n8n.workflow.started","message":"n8n.workflow.started","payload":{"executionId":"20","workflowId":"XHsinTv62BvAq6xE","isManual":false,"workflowName":"News Automation - Daily Shorts (Scheduled)"}}
{"__type":"$$EventMessageConfirm","confirm":"0bb09782-43dc-43c2-b56d-f06413cf1715","ts":"2025-12-31T05:49:44.270-05:00","source":{"id":"0","name":"eventBus"}}
{"__type":"$$EventMessageNode","id":"13f917e4-f833-452b-b143-a501a65394ac","ts":"2025-12-31T05:49:44.271-05:00","eventName":"n8n.node.started","message":"n8n.node.started","payload":{"workflowId":"XHsinTv62BvAq6xE","workflowName":"News Automation - Daily Shorts (Scheduled)","executionId":"20","nodeType":"n8n-nodes-base.manualTrigger","nodeName":"Manual Trigger","nodeId":"9ad03ca7-cac5-498c-8cdf-be922db8a01b"}}
{"__type":"$$EventMessageConfirm","confirm":"13f917e4-f833-452b-b143-a501a65394ac","ts":"2025-12-31T05:49:44.271-05:00","source":{"id":"0","name":"eventBus"}}
{"__type":"$$EventMessageNode","id":"23783240-d817-4a71-a160-72027878d3c3","ts":"2025-12-31T05:49:44.271-05:00","eventName":"n8n.node.finished","message":"n8n.node.finished","payload":{"workflowId":"XHsinTv62BvAq6xE","workflowName":"News Automation - Daily Shorts (Scheduled)","executionId":"20","nodeType":"n8n-nodes-base.manualTrigger","nodeName":"Manual Trigger","nodeId":"9ad03ca7-cac5-498c-8cdf-be922db8a01b"}}
{"__type":"$$EventMessageConfirm","confirm":"23783240-d817-4a71-a160-72027878d3c3","ts":"2025-12-31T05:49:44.271-05:00","source":{"id":"0","name":"eventBus"}}
{"__type":"$$EventMessageNode","id":"8f607024-a988-4c81-b54e-c0dc22358ed8","ts":"2025-12-31T05:49:44.271-05:00","eventName":"n8n.node.started","message":"n8n.node.started","payload":{"workflowId":"XHsinTv62BvAq6xE","workflowName":"News Automation - Daily Shorts (Scheduled)","executionId":"20","nodeType":"n8n-nodes-base.executeCommand","nodeName":"Run Shorts Now","nodeId":"7a628ea3-cd8a-4b35-b9a7-9f413d3e1bc5"}}
{"__type":"$$EventMessageConfirm","confirm":"8f607024-a988-4c81-b54e-c0dc22358ed8","ts":"2025-12-31T05:49:44.271-05:00","source":{"id":"0","name":"eventBus"}}
{"__type":"$$EventMessageNode","id":"fe149106-4f30-44e1-b4b8-af00bcf061e2","ts":"2025-12-31T05:49:56.438-05:00","eventName":"n8n.node.finished","message":"n8n.node.finished","payload":{"workflowId":"XHsinTv62BvAq6xE","workflowName":"News Automation - Daily Shorts (Scheduled)","executionId":"20","nodeType":"n8n-nodes-base.executeCommand","nodeName":"Run Shorts Now","nodeId":"7a628ea3-cd8a-4b35-b9a7-9f413d3e1bc5"}}
{"__type":"$$EventMessageConfirm","confirm":"fe149106-4f30-44e1-b4b8-af00bcf061e2","ts":"2025-12-31T05:49:56.438-05:00","source":{"id":"0","name":"eventBus"}}
{"__type":"$$EventMessageWorkflow","id":"0ec87c0f-a4b2-44fd-b400-967afd84a9ef","ts":"2025-12-31T05:49:56.439-05:00","eventName":"n8n.workflow.failed","message":"n8n.workflow.failed","payload":{"userId":"c14181ce-9762-42f9-8601-ace4c677dea7","executionId":"20","success":false,"isManual":true,"workflowId":"XHsinTv62BvAq6xE","workflowName":"News Automation - Daily Shorts (Scheduled)","lastNodeExecuted":"Run Shorts Now","errorNodeType":"n8n-nodes-base.executeCommand","errorMessage":"Command failed: C:\\Users\\USER\\AppData\\Local\\Python\\pythoncore-3.14-64\\python.exe D:\\workspace\\news\\run_daily_shorts_now.py\n"}}
{"__type":"$$EventMessageConfirm","confirm":"0ec87c0f-a4b2-44fd-b400-967afd84a9ef","ts":"2025-12-31T05:49:56.439-05:00","source":{"id":"0","name":"eventBus"}}
{"__type":"$$EventMessageWorkflow","id":"2b5b3678-60e8-4bd5-8d08-997e5efa4799","ts":"2025-12-31T05:53:59.196-05:00","eventName":"n8n.workflow.started","message":"n8n.workflow.started","payload":{"executionId":"21","workflowId":"XHsinTv62BvAq6xE","isManual":false,"workflowName":"News Automation - Daily Shorts (Scheduled)"}}
{"__type":"$$EventMessageConfirm","confirm":"2b5b3678-60e8-4bd5-8d08-997e5efa4799","ts":"2025-12-31T05:53:59.196-05:00","source":{"id":"0","name":"eventBus"}}
{"__type":"$$EventMessageNode","id":"3cef141e-0674-4ee5-b198-6af1285be567","ts":"2025-12-31T05:53:59.196-05:00","eventName":"n8n.node.started","message":"n8n.node.started","payload":{"workflowId":"XHsinTv62BvAq6xE","workflowName":"News Automation - Daily Shorts (Scheduled)","executionId":"21","nodeType":"n8n-nodes-base.manualTrigger","nodeName":"Manual Trigger","nodeId":"9ad03ca7-cac5-498c-8cdf-be922db8a01b"}}
{"__type":"$$EventMessageConfirm","confirm":"3cef141e-0674-4ee5-b198-6af1285be567","ts":"2025-12-31T05:53:59.196-05:00","source":{"id":"0","name":"eventBus"}}
{"__type":"$$EventMessageNode","id":"a8efc0b3-9d4f-4371-ac1b-a4e6571e2736","ts":"2025-12-31T05:53:59.197-05:00","eventName":"n8n.node.finished","message":"n8n.node.finished","payload":{"workflowId":"XHsinTv62BvAq6xE","workflowName":"News Automation - Daily Shorts (Scheduled)","executionId":"21","nodeType":"n8n-nodes-base.manualTrigger","nodeName":"Manual Trigger","nodeId":"9ad03ca7-cac5-498c-8cdf-be922db8a01b"}}
{"__type":"$$EventMessageConfirm","confirm":"a8efc0b3-9d4f-4371-ac1b-a4e6571e2736","ts":"2025-12-31T05:53:59.197-05:00","source":{"id":"0","name":"eventBus"}}
{"__type":"$$EventMessageNode","id":"662ff42f-049d-424e-bb4c-fe043e01b1c0","ts":"2025-12-31T05:53:59.197-05:00","eventName":"n8n.node.started","message":"n8n.node.started","payload":{"workflowId":"XHsinTv62BvAq6xE","workflowName":"News Automation - Daily Shorts (Scheduled)","executionId":"21","nodeType":"n8n-nodes-base.executeCommand","nodeName":"Run Shorts Now","nodeId":"7a628ea3-cd8a-4b35-b9a7-9f413d3e1bc5"}}
{"__type":"$$EventMessageConfirm","confirm":"662ff42f-049d-424e-bb4c-fe043e01b1c0","ts":"2025-12-31T05:53:59.197-05:00","source":{"id":"0","name":"eventBus"}}
{"__type":"$$EventMessageNode","id":"92ebed98-87fe-4176-b20d-94d59329e97f","ts":"2025-12-31T05:54:11.419-05:00","eventName":"n8n.node.finished","message":"n8n.node.finished","payload":{"workflowId":"XHsinTv62BvAq6xE","workflowName":"News Automation - Daily Shorts (Scheduled)","executionId":"21","nodeType":"n8n-nodes-base.executeCommand","nodeName":"Run Shorts Now","nodeId":"7a628ea3-cd8a-4b35-b9a7-9f413d3e1bc5"}}
{"__type":"$$EventMessageConfirm","confirm":"92ebed98-87fe-4176-b20d-94d59329e97f","ts":"2025-12-31T05:54:11.419-05:00","source":{"id":"0","name":"eventBus"}}
{"__type":"$$EventMessageWorkflow","id":"090c0b64-6998-4b92-9791-d4410212d006","ts":"2025-12-31T05:54:11.420-05:00","eventName":"n8n.workflow.failed","message":"n8n.workflow.failed","payload":{"userId":"c14181ce-9762-42f9-8601-ace4c677dea7","executionId":"21","success":false,"isManual":true,"workflowId":"XHsinTv62BvAq6xE","workflowName":"News Automation - Daily Shorts (Scheduled)","lastNodeExecuted":"Run Shorts Now","errorNodeType":"n8n-nodes-base.executeCommand","errorMessage":"Command failed: C:\\Users\\USER\\AppData\\Local\\Python\\pythoncore-3.14-64\\python.exe D:\\workspace\\news\\run_daily_shorts_now.py\n"}}
{"__type":"$$EventMessageConfirm","confirm":"090c0b64-6998-4b92-9791-d4410212d006","ts":"2025-12-31T05:54:11.420-05:00","source":{"id":"0","name":"eventBus"}}
