{"__type":"$$EventMessageWorkflow","id":"f723b01a-45e5-421a-a47c-b5a0e2f21dad","ts":"2025-12-31T20:17:09.598+09:00","eventName":"n8n.workflow.started","message":"n8n.workflow.started","payload":{"executionId":"23","workflowId":"XHsinTv62BvAq6xE","isManual":false,"workflowName":"News Automation - Daily Shorts (Scheduled)"}}
{"__type":"$$EventMessageConfirm","confirm":"f723b01a-45e5-421a-a47c-b5a0e2f21dad","ts":"2025-12-31T20:17:09.598+09:00","source":{"id":"0","name":"eventBus"}}
{"__type":"$$EventMessageNode","id":"4043a362-e01d-40d7-92b9-de60401b15e5","ts":"2025-12-31T20:17:09.599+09:00","eventName":"n8n.node.started","message":"n8n.node.started","payload":{"workflowId":"XHsinTv62BvAq6xE","workflowName":"News Automation - Daily Shorts (Scheduled)","executionId":"23","nodeType":"n8n-nodes-base.manualTrigger","nodeName":"Manual Trigger","nodeId":"9ad03ca7-cac5-498c-8cdf-be922db8a01b"}}
{"__type":"$$EventMessageConfirm","confirm":"4043a362-e01d-40d7-92b9-de60401b15e5","ts":"2025-12-31T20:17:09.599+09:00","source":{"id":"0","name":"eventBus"}}
{"__type":"$$EventMessageNode","id":"5f65b251-7dbf-4771-b18e-5b8defd468ef","ts":"2025-12-31T20:17:09.602+09:00","eventName":"n8n.node.finished","message":"n8n.node.finished","payload":{"workflowId":"XHsinTv62BvAq6xE","workflowName":"News Automation - Daily Shorts (Scheduled)","executionId":"23","nodeType":"n8n-nodes-base.manualTrigger","nodeName":"Manual Trigger","nodeId":"9ad03ca7-cac5-498c-8cdf-be922db8a01b"}}
{"__type":"$$EventMessageConfirm","confirm":"5f65b251-7dbf-4771-b18e-5b8defd468ef","ts":"2025-12-31T20:17:09.602+09:00","source":{"id":"0","name":"eventBus"}}
{"__type":"$$EventMessageNode","id":"2112aa25-cde0-468f-becf-29e46c5aa8b9","ts":"2025-12-31T20:17:09.603+09:00","eventName":"n8n.node.started","message":"n8n.node.started","payload":{"workflowId":"XHsinTv62BvAq6xE","workflowName":"News Automation - Daily Shorts (Scheduled)","executionId":"23","nodeType":"n8n-nodes-base.executeCommand","nodeName":"Run Shorts Now","nodeId":"7a628ea3-cd8a-4b35-b9a7-9f413d3e1bc5"}}
{"__type":"$$EventMessageConfirm","confirm":"2112aa25-cde0-468f-becf-29e46c5aa8b9","ts":"2025-12-31T20:17:09.603+09:00","source":{"id":"0","name":"eventBus"}}
{"__type":"$$EventMessageWorkflow","id":"7fecf4ce-f62c-446c-8880-b63fe4e1bcd2","ts":"2025-12-31T20:17:27.502+09:00","eventName":"n8n.workflow.cancelled","message":"n8n.workflow.cancelled","payload":{"executionId":"23","workflowId":"XHsinTv62BvAq6xE","workflowName":"News Automation - Daily Shorts (Scheduled)","reason":"manual"}}
{"__type":"$$EventMessageConfirm","confirm":"7fecf4ce-f62c-446c-8880-b63fe4e1bcd2","ts":"2025-12-31T20:17:27.502+09:00","source":{"id":"0","name":"eventBus"}}
{"__type":"$$EventMessageWorkflow","id":"8ba473a7-533c-4d71-8c9d-caabd80bf281","ts":"2025-12-31T20:17:27.506+09:00","eventName":"n8n.workflow.failed","message":"n8n.workflow.failed","payload":{"userId":"c14181ce-9762-42f9-8601-ace4c677dea7","executionId":"23","success":false,"isManual":true,"workflowId":"XHsinTv62BvAq6xE","workflowName":"News Automation - Daily Shorts (Scheduled)","lastNodeExecuted":"Manual Trigger"}}
{"__type":"$$EventMessageConfirm","confirm":"8ba473a7-533c-4d71-8c9d-caabd80bf281","ts":"2025-12-31T20:17:27.506+09:00","source":{"id":"0","name":"eventBus"}}
{"__type":"$$EventMessageWorkflow","id":"1968eb31-4ef9-4d82-b812-7da21f4ff144","ts":"2025-12-31T20:17:42.177+09:00","eventName":"n8n.workflow.started","message":"n8n.workflow.started","payload":{"executionId":"24","workflowId":"XHsinTv62BvAq6xE","isManual":false,"workflowName":"News Automation - Daily Shorts (Scheduled)"}}
{"__type":"$$EventMessageConfirm","confirm":"1968eb31-4ef9-4d82-b812-7da21f4ff144","ts":"2025-12-31T20:17:42.177+09:00","source":{"id":"0","name":"eventBus"}}
{"__type":"$$EventMessageNode","id":"287f71bc-af75-42c6-b5b6-df4da53fa694","ts":"2025-12-31T20:17:42.178+09:00","eventName":"n8n.node.started","message":"n8n.node.started","payload":{"workflowId":"XHsinTv62BvAq6xE","workflowName":"News Automation - Daily Shorts (Scheduled)","executionId":"24","nodeType":"n8n-nodes-base.manualTrigger","nodeName":"Manual Trigger","nodeId":"9ad03ca7-cac5-498c-8cdf-be922db8a01b"}}
{"__type":"$$EventMessageConfirm","confirm":"287f71bc-af75-42c6-b5b6-df4da53fa694","ts":"2025-12-31T20:17:42.178+09:00","source":{"id":"0","name":"eventBus"}}
{"__type":"$$EventMessageNode","id":"d072ac4e-6b0d-45f1-9fb3-01aec926ae2f","ts":"2025-12-31T20:17:42.178+09:00","eventName":"n8n.node.finished","message":"n8n.node.finished","payload":{"workflowId":"XHsinTv62BvAq6xE","workflowName":"News Automation - Daily Shorts (Scheduled)","executionId":"24","nodeType":"n8n-nodes-base.manualTrigger","nodeName":"Manual Trigger","nodeId":"9ad03ca7-cac5-498c-8cdf-be922db8a01b"}}
{"__type":"$$EventMessageConfirm","confirm":"d072ac4e-6b0d-45f1-9fb3-01aec926ae2f","ts":"2025-12-31T20:17:42.178+09:00","source":{"id":"0","name":"eventBus"}}
{"__type":"$$EventMessageNode","id":"d120b5d3-d439-4d74-806b-38439faa7e91","ts":"2025-12-31T20:17:42.178+09:00","eventName":"n8n.node.started","message":"n8n.node.started","payload":{"workflowId":"XHsinTv62BvAq6xE","workflowName":"News Automation - Daily Shorts (Scheduled)","executionId":"24","nodeType":"n8n-nodes-base.executeCommand","nodeName":"Run Shorts Now","nodeId":"7a628ea3-cd8a-4b35-b9a7-9f413d3e1bc5"}}
{"__type":"$$EventMessageConfirm","confirm":"d120b5d3-d439-4d74-806b-38439faa7e91","ts":"2025-12-31T20:17:42.178+09:00","source":{"id":"0","name":"eventBus"}}
{"__type":"$$EventMessageNode","id":"2c346e39-22d4-456c-b7fb-a7c216ba6f37","ts":"2025-12-31T20:19:38.741+09:00","eventName":"n8n.node.finished","message":"n8n.node.finished","payload":{"workflowId":"XHsinTv62BvAq6xE","workflowName":"News Automation - Daily Shorts (Scheduled)","executionId":"24","nodeType":"n8n-nodes-base.executeCommand","nodeName":"Run Shorts Now","nodeId":"7a628ea3-cd8a-4b35-b9a7-9f413d3e1bc5"}}
{"__type":"$$EventMessageConfirm","confirm":"2c346e39-22d4-456c-b7fb-a7c216ba6f37","ts":"2025-12-31T20:19:38.741+09:00","source":{"id":"0","name":"eventBus"}}
{"__type":"$$EventMessageWorkflow","id":"7b5cb0a3-d579-4c4d-ab5b-f6814edaf6a4","ts":"2025-12-31T20:19:38.743+09:00","eventName":"n8n.workflow.failed","message":"n8n.workflow.failed","payload":{"userId":"c14181ce-9762-42f9-8601-ace4c677dea7","executionId":"24","success":false,"isManual":true,"workflowId":"XHsinTv62BvAq6xE","workflowName":"News Automation - Daily Shorts (Scheduled)","lastNodeExecuted":"Run Shorts Now","errorNodeType":"n8n-nodes-base.executeCommand","errorMessage":"Command failed: C:\\Users\\USER\\AppData\\Local\\Python\\pythoncore-3.14-64\\python.exe D:\\workspace\\news\\run_daily_shorts_now.py\n"}}
{"__type":"$$EventMessageConfirm","confirm":"7b5cb0a3-d579-4c4d-ab5b-f6814edaf6a4","ts":"2025-12-31T20:19:38.743+09:00","source":{"id":"0","name":"eventBus"}}
{"__type":"$$EventMessageNode","id":"87745dd2-5ae3-44f9-bc6d-21da2ccd80b2","ts":"2025-12-31T20:25:40.037+09:00","eventName":"n8n.node.finished","message":"n8n.node.finished","payload":{"workflowId":"XHsinTv62BvAq6xE","workflowName":"News Automation - Daily Shorts (Scheduled)","executionId":"23","nodeType":"n8n-nodes-base.executeCommand","nodeName":"Run Shorts Now","nodeId":"7a628ea3-cd8a-4b35-b9a7-9f413d3e1bc5"}}
{"__type":"$$EventMessageConfirm","confirm":"87745dd2-5ae3-44f9-bc6d-21da2ccd80b2","ts":"2025-12-31T20:25:40.037+09:00","source":{"id":"0","name":"eventBus"}}
{"__type":"$$EventMessageWorkflow","id":"9c73e0fb-83e5-468c-957e-78faa7f4343f","ts":"2025-12-31T20:29:28.952+09:00","eventName":"n8n.workflow.started","message":"n8n.workflow.started","payload":{"executionId":"25","workflowId":"XHsinTv62BvAq6xE","isManual":false,"workflowName":"News Automation - Daily Shorts (Scheduled)"}}
{"__type":"$$EventMessageConfirm","confirm":"9c73e0fb-83e5-468c-957e-78faa7f4343f","ts":"2025-12-31T20:29:28.952+09:00","source":{"id":"0","name":"eventBus"}}
{"__type":"$$EventMessageNode","id":"1745ef9b-08a7-469a-85e8-ae91e2e01278","ts":"2025-12-31T20:29:28.952+09:00","eventName":"n8n.node.started","message":"n8n.node.started","payload":{"workflowId":"XHsinTv62BvAq6xE","workflowName":"News Automation - Daily Shorts (Scheduled)","executionId":"25","nodeType":"n8n-nodes-base.manualTrigger","nodeName":"Manual Trigger","nodeId":"9ad03ca7-cac5-498c-8cdf-be922db8a01b"}}
{"__type":"$$EventMessageConfirm","confirm":"1745ef9b-08a7-469a-85e8-ae91e2e01278","ts":"2025-12-31T20:29:28.952+09:00","source":{"id":"0","name":"eventBus"}}
{"__type":"$$EventMessageNode","id":"dc4e64af-7614-4aa5-b66a-a9e41e2e4245","ts":"2025-12-31T20:29:28.953+09:00","eventName":"n8n.node.finished","message":"n8n.node.finished","payload":{"workflowId":"XHsinTv62BvAq6xE","workflowName":"News Automation - Daily Shorts (Scheduled)","executionId":"25","nodeType":"n8n-nodes-base.manualTrigger","nodeName":"Manual Trigger","nodeId":"9ad03ca7-cac5-498c-8cdf-be922db8a01b"}}
{"__type":"$$EventMessageConfirm","confirm":"dc4e64af-7614-4aa5-b66a-a9e41e2e4245","ts":"2025-12-31T20:29:28.953+09:00","source":{"id":"0","name":"eventBus"}}
{"__type":"$$EventMessageNode","id":"f6f0a167-cd51-4618-90de-26b050ed95ad","ts":"2025-12-31T20:29:28.953+09:00","eventName":"n8n.node.started","message":"n8n.node.started","payload":{"workflowId":"XHsinTv62BvAq6xE","workflowName":"News Automation - Daily Shorts (Scheduled)","executionId":"25","nodeType":"n8n-nodes-base.executeCommand","nodeName":"Run Shorts Now","nodeId":"7a628ea3-cd8a-4b35-b9a7-9f413d3e1bc5"}}
{"__type":"$$EventMessageConfirm","confirm":"f6f0a167-cd51-4618-90de-26b050ed95ad","ts":"2025-12-31T20:29:28.953+09:00","source":{"id":"0","name":"eventBus"}}
{"__type":"$$EventMessageWorkflow","id":"90d7ba5b-118c-4a0d-abf2-a475de0dcc57","ts":"2025-12-31T20:29:31.912+09:00","eventName":"n8n.workflow.cancelled","message":"n8n.workflow.cancelled","payload":{"executionId":"25","workflowId":"XHsinTv62BvAq6xE","workflowName":"News Automation - Daily Shorts (Scheduled)","reason":"manual"}}
{"__type":"$$EventMessageConfirm","confirm":"90d7ba5b-118c-4a0d-abf2-a475de0dcc57","ts":"2025-12-31T20:29:31.912+09:00","source":{"id":"0","name":"eventBus"}}
{"__type":"$$EventMessageWorkflow","id":"15cdf30b-bd63-4da5-840d-6b15390230f0","ts":"2025-12-31T20:29:31.913+09:00","eventName":"n8n.workflow.failed","message":"n8n.workflow.failed","payload":{"userId":"c14181ce-9762-42f9-8601-ace4c677dea7","executionId":"25","success":false,"isManual":true,"workflowId":"XHsinTv62BvAq6xE","workflowName":"News Automation - Daily Shorts (Scheduled)","lastNodeExecuted":"Manual Trigger"}}
{"__type":"$$EventMessageConfirm","confirm":"15cdf30b-bd63-4da5-840d-6b15390230f0","ts":"2025-12-31T20:29:31.913+09:00","source":{"id":"0","name":"eventBus"}}
{"__type":"$$EventMessageWorkflow","id":"c123ae32-37fa-40de-925b-e8c01fc194de","ts":"2025-12-31T20:29:50.004+09:00","eventName":"n8n.workflow.started","message":"n8n.workflow.started","payload":{"executionId":"26","workflowId":"XHsinTv62BvAq6xE","isManual":false,"workflowName":"News Automation - Daily Shorts (Scheduled)"}}
{"__type":"$$EventMessageConfirm","confirm":"c123ae32-37fa-40de-925b-e8c01fc194de","ts":"2025-12-31T20:29:50.004+09:00","source":{"id":"0","name":"eventBus"}}
{"__type":"$$EventMessageNode","id":"1733efa5-fc57-4235-b4b2-e1bd37dc182f","ts":"2025-12-31T20:29:50.005+09:00","eventName":"n8n.node.started","message":"n8n.node.started","payload":{"workflowId":"XHsinTv62BvAq6xE","workflowName":"News Automation - Daily Shorts (Scheduled)","executionId":"26","nodeType":"n8n-nodes-base.manualTrigger","nodeName":"Manual Trigger","nodeId":"9ad03ca7-cac5-498c-8cdf-be922db8a01b"}}
{"__type":"$$EventMessageConfirm","confirm":"1733efa5-fc57-4235-b4b2-e1bd37dc182f","ts":"2025-12-31T20:29:50.005+09:00","source":{"id":"0","name":"eventBus"}}
{"__type":"$$EventMessageNode","id":"8d848922-5f56-4c97-aaf6-9b95b79160df","ts":"2025-12-31T20:29:50.005+09:00","eventName":"n8n.node.finished","message":"n8n.node.finished","payload":{"workflowId":"XHsinTv62BvAq6xE","workflowName":"News Automation - Daily Shorts (Scheduled)","executionId":"26","nodeType":"n8n-nodes-base.manualTrigger","nodeName":"Manual Trigger","nodeId":"9ad03ca7-cac5-498c-8cdf-be922db8a01b"}}
{"__type":"$$EventMessageConfirm","confirm":"8d848922-5f56-4c97-aaf6-9b95b79160df","ts":"2025-12-31T20:29:50.005+09:00","source":{"id":"0","name":"eventBus"}}
{"__type":"$$EventMessageNode","id":"6ce3bd7c-8f42-43af-99f8-6cdf91eb1e73","ts":"2025-12-31T20:29:50.005+09:00","eventName":"n8n.node.started","message":"n8n.node.started","payload":{"workflowId":"XHsinTv62BvAq6xE","workflowName":"News Automation - Daily Shorts (Scheduled)","executionId":"26","nodeType":"n8n-nodes-base.executeCommand","nodeName":"Run Shorts Now","nodeId":"7a628ea3-cd8a-4b35-b9a7-9f413d3e1bc5"}}
{"__type":"$$EventMessageConfirm","confirm":"6ce3bd7c-8f42-43af-99f8-6cdf91eb1e73","ts":"2025-12-31T20:29:50.005+09:00","source":{"id":"0","name":"eventBus"}}
{"__type":"$$EventMessageNode","id":"126e4c18-4412-47a6-9ead-df58d7569d34","ts":"2025-12-31T20:38:57.306+09:00","eventName":"n8n.node.finished","message":"n8n.node.finished","payload":{"workflowId":"XHsinTv62BvAq6xE","workflowName":"News Automation - Daily Shorts (Scheduled)","executionId":"25","nodeType":"n8n-nodes-base.executeCommand","nodeName":"Run Shorts Now","nodeId":"7a628ea3-cd8a-4b35-b9a7-9f413d3e1bc5"}}
{"__type":"$$EventMessageConfirm","confirm":"126e4c18-4412-47a6-9ead-df58d7569d34","ts":"2025-12-31T20:38:57.306+09:00","source":{"id":"0","name":"eventBus"}}
{"__type":"$$EventMessageNode","id":"0468eca5-559c-4f76-80d3-c124a15c612b","ts":"2025-12-31T20:39:02.190+09:00","eventName":"n8n.node.finished","message":"n8n.node.finished","payload":{"workflowId":"XHsinTv62BvAq6xE","workflowName":"News Automation - Daily Shorts (Scheduled)","executionId":"26","nodeType":"n8n-nodes-base.executeCommand","nodeName":"Run Shorts Now","nodeId":"7a628ea3-cd8a-4b35-b9a7-9f413d3e1bc5"}}
{"__type":"$$EventMessageConfirm","confirm":"0468eca5-559c-4f76-80d3-c124a15c612b","ts":"2025-12-31T20:39:02.190+09:00","source":{"id":"0","name":"eventBus"}}
{"__type":"$$EventMessageNode","id":"4f38254c-d0ef-41d5-b694-e0edb1205cf8","ts":"2025-12-31T20:39:02.190+09:00","eventName":"n8n.node.started","message":"n8n.node.started","payload":{"workflowId":"XHsinTv62BvAq6xE","workflowName":"News Automation - Daily Shorts (Scheduled)","executionId":"26","nodeType":"n8n-nodes-base.executeCommand","nodeName":"Run Video Now","nodeId":"4e8f7743-ac93-4dae-9b92-95ef4af895ae"}}
{"__type":"$$EventMessageConfirm","confirm":"4f38254c-d0ef-41d5-b694-e0edb1205cf8","ts":"2025-12-31T20:39:02.190+09:00","source":{"id":"0","name":"eventBus"}}
{"__type":"$$EventMessageNode","id":"fe841d38-7f1c-497f-a66e-cdfe95e94af5","ts":"2025-12-31T20:59:57.297+09:00","eventName":"n8n.node.finished","message":"n8n.node.finished","payload":{"workflowId":"XHsinTv62BvAq6xE","workflowName":"News Automation - Daily Shorts (Scheduled)","executionId":"26","nodeType":"n8n-nodes-base.executeCommand","nodeName":"Run Video Now","nodeId":"4e8f7743-ac93-4dae-9b92-95ef4af895ae"}}
{"__type":"$$EventMessageConfirm","confirm":"fe841d38-7f1c-497f-a66e-cdfe95e94af5","ts":"2025-12-31T20:59:57.298+09:00","source":{"id":"0","name":"eventBus"}}
{"__type":"$$EventMessageWorkflow","id":"9d3daf75-b6ad-4c54-bd11-acb6363d1e44","ts":"2025-12-31T20:59:57.299+09:00","eventName":"n8n.workflow.failed","message":"n8n.workflow.failed","payload":{"userId":"c14181ce-9762-42f9-8601-ace4c677dea7","executionId":"26","success":false,"isManual":true,"workflowId":"XHsinTv62BvAq6xE","workflowName":"News Automation - Daily Shorts (Scheduled)","lastNodeExecuted":"Run Video Now","errorNodeType":"n8n-nodes-base.executeCommand","errorMessage":"Command failed: C:\\Users\\USER\\AppData\\Local\\Python\\pythoncore-3.14-64\\python.exe D:\\workspace\\news\\run_weekly_video_now.py\nException in thread Thread-1 (_readerthread):\r\nTraceback (most recent call last):\r\n  File \"C:\\Users\\USER\\AppData\\Local\\Python\\pythoncore-3.14-64\\Lib\\threading.py\", line 1082, in _bootstrap_inner\r\n    self._context.run(self.run)\r\n    ~~~~~~~~~~~~~~~~~^^^^^^^^^^\r\n  File \"C:\\Users\\USER\\AppData\\Local\\Python\\pythoncore-3.14-64\\Lib\\threading.py\", line 1024, in run\r\n    self._target(*self._args, **self._kwargs)\r\n    ~~~~~~~~~~~~^^^^^^^^^^^^^^^^^^^^^^^^^^^^^\r\n  File \"C:\\Users\\USER\\AppData\\Local\\Python\\pythoncore-3.14-64\\Lib\\subprocess.py\", line 1613, in _readerthread\r\n    buffer.append(fh.read())\r\n                  ~~~~~~~^^\r\nUnicodeDecodeError: 'cp949' codec can't decode byte 0xe2 in position 178: illegal multibyte sequence\r\n"}}
{"__type":"$$EventMessageConfirm","confirm":"9d3daf75-b6ad-4c54-bd11-acb6363d1e44","ts":"2025-12-31T20:59:57.299+09:00","source":{"id":"0","name":"eventBus"}}
