{"__type":"$$EventMessageAudit","id":"e74dc17e-213b-4343-aa30-8c12d223b3e7","ts":"2026-01-02T15:48:14.144+09:00","eventName":"n8n.audit.workflow.updated","message":"n8n.audit.workflow.updated","payload":{"userId":"c14181ce-9762-42f9-8601-ace4c677dea7","_email":"shs1124@gmail.com","_firstName":"HS","_lastName":"song","globalRole":"global:owner","workflowId":"XHsinTv62BvAq6xE","workflowName":"News Automation - Daily Shorts RSS Evening (Scheduled)"}}
{"__type":"$$EventMessageConfirm","confirm":"e74dc17e-213b-4343-aa30-8c12d223b3e7","ts":"2026-01-02T15:48:14.144+09:00","source":{"id":"0","name":"eventBus"}}
{"__type":"$$EventMessageAudit","id":"3ca60b04-21ec-4e2d-83f5-5f9ebacaa194","ts":"2026-01-02T15:48:48.202+09:00","eventName":"n8n.audit.workflow.updated","message":"n8n.audit.workflow.updated","payload":{"userId":"c14181ce-9762-42f9-8601-ace4c677dea7","_email":"shs1124@gmail.com","_firstName":"HS","_lastName":"song","globalRole":"global:owner","workflowId":"XHsinTv62BvAq6xE","workflowName":"News Automation - Weekly Video RSS (Scheduled)"}}
{"__type":"$$EventMessageConfirm","confirm":"3ca60b04-21ec-4e2d-83f5-5f9ebacaa194","ts":"2026-01-02T15:48:48.202+09:00","source":{"id":"0","name":"eventBus"}}
{"__type":"$$EventMessageWorkflow","id":"3ab48fcf-6a1c-4be3-8469-84a062c4923b","ts":"2026-01-02T15:49:36.505+09:00","eventName":"n8n.workflow.started","message":"n8n.workflow.started","payload":{"executionId":"53","workflowId":"XHsinTv62BvAq6xE","isManual":false,"workflowName":"News Automation - Weekly Video RSS (Scheduled)"}}
{"__type":"$$EventMessageConfirm","confirm":"3ab48fcf-6a1c-4be3-8469-84a062c4923b","ts":"2026-01-02T15:49:36.505+09:00","source":{"id":"0","name":"eventBus"}}
{"__type":"$$EventMessageNode","id":"b885a2f9-9238-4626-93d9-51f9c14666e3","ts":"2026-01-02T15:49:36.506+09:00","eventName":"n8n.node.started","message":"n8n.node.started","payload":{"workflowId":"XHsinTv62BvAq6xE","workflowName":"News Automation - Weekly Video RSS (Scheduled)","executionId":"53","nodeType":"n8n-nodes-base.scheduleTrigger","nodeName":"Daily 11PM","nodeId":"76b3498b-eec4-4687-bb43-c6842f3d1433"}}
{"__type":"$$EventMessageConfirm","confirm":"b885a2f9-9238-4626-93d9-51f9c14666e3","ts":"2026-01-02T15:49:36.506+09:00","source":{"id":"0","name":"eventBus"}}
{"__type":"$$EventMessageNode","id":"136fb756-b7b0-4723-bed0-6e32eb8aa421","ts":"2026-01-02T15:49:36.510+09:00","eventName":"n8n.node.finished","message":"n8n.node.finished","payload":{"workflowId":"XHsinTv62BvAq6xE","workflowName":"News Automation - Weekly Video RSS (Scheduled)","executionId":"53","nodeType":"n8n-nodes-base.scheduleTrigger","nodeName":"Daily 11PM","nodeId":"76b3498b-eec4-4687-bb43-c6842f3d1433"}}
{"__type":"$$EventMessageConfirm","confirm":"136fb756-b7b0-4723-bed0-6e32eb8aa421","ts":"2026-01-02T15:49:36.510+09:00","source":{"id":"0","name":"eventBus"}}
{"__type":"$$EventMessageNode","id":"38915ab3-b0a7-4303-98c7-5d58a149e0d7","ts":"2026-01-02T15:49:36.511+09:00","eventName":"n8n.node.started","message":"n8n.node.started","payload":{"workflowId":"XHsinTv62BvAq6xE","workflowName":"News Automation - Weekly Video RSS (Scheduled)","executionId":"53","nodeType":"n8n-nodes-base.if","nodeName":"Skip Weekend","nodeId":"a575f524-5110-442c-9385-12026cfe1640"}}
{"__type":"$$EventMessageConfirm","confirm":"38915ab3-b0a7-4303-98c7-5d58a149e0d7","ts":"2026-01-02T15:49:36.511+09:00","source":{"id":"0","name":"eventBus"}}
{"__type":"$$EventMessageNode","id":"c6826941-6380-440d-a3c3-84217bcee437","ts":"2026-01-02T15:49:36.530+09:00","eventName":"n8n.node.finished","message":"n8n.node.finished","payload":{"workflowId":"XHsinTv62BvAq6xE","workflowName":"News Automation - Weekly Video RSS (Scheduled)","executionId":"53","nodeType":"n8n-nodes-base.if","nodeName":"Skip Weekend","nodeId":"a575f524-5110-442c-9385-12026cfe1640"}}
{"__type":"$$EventMessageConfirm","confirm":"c6826941-6380-440d-a3c3-84217bcee437","ts":"2026-01-02T15:49:36.531+09:00","source":{"id":"0","name":"eventBus"}}
{"__type":"$$EventMessageNode","id":"c6821937-63db-4e56-9d88-6fed5cd5fb70","ts":"2026-01-02T15:49:36.531+09:00","eventName":"n8n.node.started","message":"n8n.node.started","payload":{"workflowId":"XHsinTv62BvAq6xE","workflowName":"News Automation - Weekly Video RSS (Scheduled)","executionId":"53","nodeType":"n8n-nodes-base.executeCommand","nodeName":"Run Daily Shorts RSS","nodeId":"607d7755-783f-4f70-b8f5-b1858a285756"}}
{"__type":"$$EventMessageConfirm","confirm":"c6821937-63db-4e56-9d88-6fed5cd5fb70","ts":"2026-01-02T15:49:36.531+09:00","source":{"id":"0","name":"eventBus"}}
{"__type":"$$EventMessageNode","id":"2d8acf2a-3409-44c6-9204-4ee2d3409b00","ts":"2026-01-02T15:55:51.152+09:00","eventName":"n8n.node.finished","message":"n8n.node.finished","payload":{"workflowId":"XHsinTv62BvAq6xE","workflowName":"News Automation - Weekly Video RSS (Scheduled)","executionId":"53","nodeType":"n8n-nodes-base.executeCommand","nodeName":"Run Daily Shorts RSS","nodeId":"607d7755-783f-4f70-b8f5-b1858a285756"}}
{"__type":"$$EventMessageConfirm","confirm":"2d8acf2a-3409-44c6-9204-4ee2d3409b00","ts":"2026-01-02T15:55:51.152+09:00","source":{"id":"0","name":"eventBus"}}
{"__type":"$$EventMessageWorkflow","id":"aa9f90bd-1280-418d-853f-84e1d5d229fb","ts":"2026-01-02T15:55:51.154+09:00","eventName":"n8n.workflow.success","message":"n8n.workflow.success","payload":{"userId":"c14181ce-9762-42f9-8601-ace4c677dea7","executionId":"53","success":true,"isManual":true,"workflowId":"XHsinTv62BvAq6xE","workflowName":"News Automation - Weekly Video RSS (Scheduled)"}}
{"__type":"$$EventMessageConfirm","confirm":"aa9f90bd-1280-418d-853f-84e1d5d229fb","ts":"2026-01-02T15:55:51.154+09:00","source":{"id":"0","name":"eventBus"}}
{"__type":"$$EventMessageAudit","id":"0560d0b6-7677-4158-a432-896a1d5beacf","ts":"2026-01-02T16:16:14.139+09:00","eventName":"n8n.audit.workflow.updated","message":"n8n.audit.workflow.updated","payload":{"userId":"c14181ce-9762-42f9-8601-ace4c677dea7","_email":"shs1124@gmail.com","_firstName":"HS","_lastName":"song","globalRole":"global:owner","workflowId":"XHsinTv62BvAq6xE","workflowName":"News Automation - Weekly Video RSS (Scheduled)"}}
{"__type":"$$EventMessageConfirm","confirm":"0560d0b6-7677-4158-a432-896a1d5beacf","ts":"2026-01-02T16:16:14.139+09:00","source":{"id":"0","name":"eventBus"}}
{"__type":"$$EventMessageAudit","id":"bf139f54-be84-4761-be24-7df1ee0b8446","ts":"2026-01-02T16:16:59.355+09:00","eventName":"n8n.audit.workflow.updated","message":"n8n.audit.workflow.updated","payload":{"userId":"c14181ce-9762-42f9-8601-ace4c677dea7","_email":"shs1124@gmail.com","_firstName":"HS","_lastName":"song","globalRole":"global:owner","workflowId":"XHsinTv62BvAq6xE","workflowName":"News Automation - Weekly Video RSS (Scheduled)"}}
{"__type":"$$EventMessageConfirm","confirm":"bf139f54-be84-4761-be24-7df1ee0b8446","ts":"2026-01-02T16:16:59.355+09:00","source":{"id":"0","name":"eventBus"}}
{"__type":"$$EventMessageWorkflow","id":"991f20ea-96a7-4709-9247-eac8270e8ee7","ts":"2026-01-02T16:17:01.097+09:00","eventName":"n8n.workflow.started","message":"n8n.workflow.started","payload":{"executionId":"54","workflowId":"XHsinTv62BvAq6xE","isManual":false,"workflowName":"News Automation - Weekly Video RSS (Scheduled)"}}
{"__type":"$$EventMessageConfirm","confirm":"991f20ea-96a7-4709-9247-eac8270e8ee7","ts":"2026-01-02T16:17:01.097+09:00","source":{"id":"0","name":"eventBus"}}
{"__type":"$$EventMessageNode","id":"171c0023-3c9e-43cf-9a83-408169180b24","ts":"2026-01-02T16:17:01.098+09:00","eventName":"n8n.node.started","message":"n8n.node.started","payload":{"workflowId":"XHsinTv62BvAq6xE","workflowName":"News Automation - Weekly Video RSS (Scheduled)","executionId":"54","nodeType":"n8n-nodes-base.scheduleTrigger","nodeName":"Daily 11:50PM","nodeId":"bff11408-0c54-4b89-9067-170a717b1bdd"}}
{"__type":"$$EventMessageConfirm","confirm":"171c0023-3c9e-43cf-9a83-408169180b24","ts":"2026-01-02T16:17:01.098+09:00","source":{"id":"0","name":"eventBus"}}
{"__type":"$$EventMessageNode","id":"cd4e43e0-9420-4f6f-b568-992f06e57331","ts":"2026-01-02T16:17:01.099+09:00","eventName":"n8n.node.finished","message":"n8n.node.finished","payload":{"workflowId":"XHsinTv62BvAq6xE","workflowName":"News Automation - Weekly Video RSS (Scheduled)","executionId":"54","nodeType":"n8n-nodes-base.scheduleTrigger","nodeName":"Daily 11:50PM","nodeId":"bff11408-0c54-4b89-9067-170a717b1bdd"}}
{"__type":"$$EventMessageConfirm","confirm":"cd4e43e0-9420-4f6f-b568-992f06e57331","ts":"2026-01-02T16:17:01.099+09:00","source":{"id":"0","name":"eventBus"}}
{"__type":"$$EventMessageNode","id":"59eb09be-6f3c-4536-bf77-a568d559d1ee","ts":"2026-01-02T16:17:01.099+09:00","eventName":"n8n.node.started","message":"n8n.node.started","payload":{"workflowId":"XHsinTv62BvAq6xE","workflowName":"News Automation - Weekly Video RSS (Scheduled)","executionId":"54","nodeType":"n8n-nodes-base.if","nodeName":"Skip Weekend","nodeId":"87a8fae2-76ee-4be6-b9d9-ec92e82bf10c"}}
{"__type":"$$EventMessageConfirm","confirm":"59eb09be-6f3c-4536-bf77-a568d559d1ee","ts":"2026-01-02T16:17:01.099+09:00","source":{"id":"0","name":"eventBus"}}
{"__type":"$$EventMessageNode","id":"c803599c-aa8e-40a6-b970-10f8a84821fd","ts":"2026-01-02T16:17:01.100+09:00","eventName":"n8n.node.finished","message":"n8n.node.finished","payload":{"workflowId":"XHsinTv62BvAq6xE","workflowName":"News Automation - Weekly Video RSS (Scheduled)","executionId":"54","nodeType":"n8n-nodes-base.if","nodeName":"Skip Weekend","nodeId":"87a8fae2-76ee-4be6-b9d9-ec92e82bf10c"}}
{"__type":"$$EventMessageConfirm","confirm":"c803599c-aa8e-40a6-b970-10f8a84821fd","ts":"2026-01-02T16:17:01.100+09:00","source":{"id":"0","name":"eventBus"}}
{"__type":"$$EventMessageNode","id":"c9d97cec-289e-4a66-a900-c6408174f053","ts":"2026-01-02T16:17:01.100+09:00","eventName":"n8n.node.started","message":"n8n.node.started","payload":{"workflowId":"XHsinTv62BvAq6xE","workflowName":"News Automation - Weekly Video RSS (Scheduled)","executionId":"54","nodeType":"n8n-nodes-base.executeCommand","nodeName":"Run Daily Shorts RSS","nodeId":"3cf2818f-130b-4a41-b1ba-2db70914e455"}}
{"__type":"$$EventMessageConfirm","confirm":"c9d97cec-289e-4a66-a900-c6408174f053","ts":"2026-01-02T16:17:01.100+09:00","source":{"id":"0","name":"eventBus"}}
{"__type":"$$EventMessageNode","id":"f25ccccf-19b8-41ba-89af-249dabefe4e5","ts":"2026-01-02T16:23:10.625+09:00","eventName":"n8n.node.finished","message":"n8n.node.finished","payload":{"workflowId":"XHsinTv62BvAq6xE","workflowName":"News Automation - Weekly Video RSS (Scheduled)","executionId":"54","nodeType":"n8n-nodes-base.executeCommand","nodeName":"Run Daily Shorts RSS","nodeId":"3cf2818f-130b-4a41-b1ba-2db70914e455"}}
{"__type":"$$EventMessageConfirm","confirm":"f25ccccf-19b8-41ba-89af-249dabefe4e5","ts":"2026-01-02T16:23:10.625+09:00","source":{"id":"0","name":"eventBus"}}
{"__type":"$$EventMessageWorkflow","id":"319c9170-fc11-4258-b882-1f7935edeed3","ts":"2026-01-02T16:23:10.627+09:00","eventName":"n8n.workflow.success","message":"n8n.workflow.success","payload":{"userId":"c14181ce-9762-42f9-8601-ace4c677dea7","executionId":"54","success":true,"isManual":true,"workflowId":"XHsinTv62BvAq6xE","workflowName":"News Automation - Weekly Video RSS (Scheduled)"}}
{"__type":"$$EventMessageConfirm","confirm":"319c9170-fc11-4258-b882-1f7935edeed3","ts":"2026-01-02T16:23:10.627+09:00","source":{"id":"0","name":"eventBus"}}
{"__type":"$$EventMessageWorkflow","id":"988b45fd-7b1f-4244-b975-0dbad7fbd1f5","ts":"2026-01-02T16:36:05.139+09:00","eventName":"n8n.workflow.started","message":"n8n.workflow.started","payload":{"executionId":"55","workflowId":"XHsinTv62BvAq6xE","isManual":false,"workflowName":"News Automation - Weekly Video RSS (Scheduled)"}}
{"__type":"$$EventMessageConfirm","confirm":"988b45fd-7b1f-4244-b975-0dbad7fbd1f5","ts":"2026-01-02T16:36:05.139+09:00","source":{"id":"0","name":"eventBus"}}
{"__type":"$$EventMessageNode","id":"6406195a-100c-4ef5-adbb-b645f084dce4","ts":"2026-01-02T16:36:05.140+09:00","eventName":"n8n.node.started","message":"n8n.node.started","payload":{"workflowId":"XHsinTv62BvAq6xE","workflowName":"News Automation - Weekly Video RSS (Scheduled)","executionId":"55","nodeType":"n8n-nodes-base.scheduleTrigger","nodeName":"Daily 11:50PM","nodeId":"bff11408-0c54-4b89-9067-170a717b1bdd"}}
{"__type":"$$EventMessageConfirm","confirm":"6406195a-100c-4ef5-adbb-b645f084dce4","ts":"2026-01-02T16:36:05.140+09:00","source":{"id":"0","name":"eventBus"}}
{"__type":"$$EventMessageNode","id":"eab0e42f-5724-416e-9fa8-49a75dc407ba","ts":"2026-01-02T16:36:05.141+09:00","eventName":"n8n.node.finished","message":"n8n.node.finished","payload":{"workflowId":"XHsinTv62BvAq6xE","workflowName":"News Automation - Weekly Video RSS (Scheduled)","executionId":"55","nodeType":"n8n-nodes-base.scheduleTrigger","nodeName":"Daily 11:50PM","nodeId":"bff11408-0c54-4b89-9067-170a717b1bdd"}}
{"__type":"$$EventMessageConfirm","confirm":"eab0e42f-5724-416e-9fa8-49a75dc407ba","ts":"2026-01-02T16:36:05.141+09:00","source":{"id":"0","name":"eventBus"}}
{"__type":"$$EventMessageNode","id":"a507b84f-fbc5-47a8-b2bd-5ab4c7d8efdd","ts":"2026-01-02T16:36:05.141+09:00","eventName":"n8n.node.started","message":"n8n.node.started","payload":{"workflowId":"XHsinTv62BvAq6xE","workflowName":"News Automation - Weekly Video RSS (Scheduled)","executionId":"55","nodeType":"n8n-nodes-base.if","nodeName":"Skip Weekend","nodeId":"87a8fae2-76ee-4be6-b9d9-ec92e82bf10c"}}
{"__type":"$$EventMessageConfirm","confirm":"a507b84f-fbc5-47a8-b2bd-5ab4c7d8efdd","ts":"2026-01-02T16:36:05.141+09:00","source":{"id":"0","name":"eventBus"}}
{"__type":"$$EventMessageNode","id":"4e5e1a57-d249-4d07-a385-9a61df6e64a0","ts":"2026-01-02T16:36:05.143+09:00","eventName":"n8n.node.finished","message":"n8n.node.finished","payload":{"workflowId":"XHsinTv62BvAq6xE","workflowName":"News Automation - Weekly Video RSS (Scheduled)","executionId":"55","nodeType":"n8n-nodes-base.if","nodeName":"Skip Weekend","nodeId":"87a8fae2-76ee-4be6-b9d9-ec92e82bf10c"}}
{"__type":"$$EventMessageConfirm","confirm":"4e5e1a57-d249-4d07-a385-9a61df6e64a0","ts":"2026-01-02T16:36:05.143+09:00","source":{"id":"0","name":"eventBus"}}
{"__type":"$$EventMessageNode","id":"7718a585-3a8f-4257-895c-5ed49d0d71ad","ts":"2026-01-02T16:36:05.143+09:00","eventName":"n8n.node.started","message":"n8n.node.started","payload":{"workflowId":"XHsinTv62BvAq6xE","workflowName":"News Automation - Weekly Video RSS (Scheduled)","executionId":"55","nodeType":"n8n-nodes-base.executeCommand","nodeName":"Run Daily Shorts RSS","nodeId":"3cf2818f-130b-4a41-b1ba-2db70914e455"}}
{"__type":"$$EventMessageConfirm","confirm":"7718a585-3a8f-4257-895c-5ed49d0d71ad","ts":"2026-01-02T16:36:05.143+09:00","source":{"id":"0","name":"eventBus"}}
{"__type":"$$EventMessageNode","id":"f777bf6c-8aad-4247-90ac-58eab409d155","ts":"2026-01-02T16:42:00.160+09:00","eventName":"n8n.node.finished","message":"n8n.node.finished","payload":{"workflowId":"XHsinTv62BvAq6xE","workflowName":"News Automation - Weekly Video RSS (Scheduled)","executionId":"55","nodeType":"n8n-nodes-base.executeCommand","nodeName":"Run Daily Shorts RSS","nodeId":"3cf2818f-130b-4a41-b1ba-2db70914e455"}}
{"__type":"$$EventMessageConfirm","confirm":"f777bf6c-8aad-4247-90ac-58eab409d155","ts":"2026-01-02T16:42:00.160+09:00","source":{"id":"0","name":"eventBus"}}
{"__type":"$$EventMessageWorkflow","id":"5acd0fc6-1307-49f1-b44c-7cc9ad3ede27","ts":"2026-01-02T16:42:00.162+09:00","eventName":"n8n.workflow.success","message":"n8n.workflow.success","payload":{"userId":"c14181ce-9762-42f9-8601-ace4c677dea7","executionId":"55","success":true,"isManual":true,"workflowId":"XHsinTv62BvAq6xE","workflowName":"News Automation - Weekly Video RSS (Scheduled)"}}
{"__type":"$$EventMessageConfirm","confirm":"5acd0fc6-1307-49f1-b44c-7cc9ad3ede27","ts":"2026-01-02T16:42:00.162+09:00","source":{"id":"0","name":"eventBus"}}
{"__type":"$$EventMessageWorkflow","id":"01352bb1-e848-4d87-82e6-afaf78dfa3fe","ts":"2026-01-02T17:16:25.338+09:00","eventName":"n8n.workflow.started","message":"n8n.workflow.started","payload":{"executionId":"56","workflowId":"XHsinTv62BvAq6xE","isManual":false,"workflowName":"News Automation - Weekly Video RSS (Scheduled)"}}
{"__type":"$$EventMessageConfirm","confirm":"01352bb1-e848-4d87-82e6-afaf78dfa3fe","ts":"2026-01-02T17:16:25.338+09:00","source":{"id":"0","name":"eventBus"}}
{"__type":"$$EventMessageNode","id":"020add2f-9a6e-4223-aa08-476e2a91080b","ts":"2026-01-02T17:16:25.338+09:00","eventName":"n8n.node.started","message":"n8n.node.started","payload":{"workflowId":"XHsinTv62BvAq6xE","workflowName":"News Automation - Weekly Video RSS (Scheduled)","executionId":"56","nodeType":"n8n-nodes-base.scheduleTrigger","nodeName":"Daily 11:50PM","nodeId":"bff11408-0c54-4b89-9067-170a717b1bdd"}}
{"__type":"$$EventMessageConfirm","confirm":"020add2f-9a6e-4223-aa08-476e2a91080b","ts":"2026-01-02T17:16:25.338+09:00","source":{"id":"0","name":"eventBus"}}
{"__type":"$$EventMessageNode","id":"a1f94a3e-aada-4b7e-8800-431e8bce754b","ts":"2026-01-02T17:16:25.339+09:00","eventName":"n8n.node.finished","message":"n8n.node.finished","payload":{"workflowId":"XHsinTv62BvAq6xE","workflowName":"News Automation - Weekly Video RSS (Scheduled)","executionId":"56","nodeType":"n8n-nodes-base.scheduleTrigger","nodeName":"Daily 11:50PM","nodeId":"bff11408-0c54-4b89-9067-170a717b1bdd"}}
{"__type":"$$EventMessageConfirm","confirm":"a1f94a3e-aada-4b7e-8800-431e8bce754b","ts":"2026-01-02T17:16:25.339+09:00","source":{"id":"0","name":"eventBus"}}
{"__type":"$$EventMessageNode","id":"26bbd69e-a311-49a8-9057-c938ec9142be","ts":"2026-01-02T17:16:25.339+09:00","eventName":"n8n.node.started","message":"n8n.node.started","payload":{"workflowId":"XHsinTv62BvAq6xE","workflowName":"News Automation - Weekly Video RSS (Scheduled)","executionId":"56","nodeType":"n8n-nodes-base.if","nodeName":"Skip Weekend","nodeId":"87a8fae2-76ee-4be6-b9d9-ec92e82bf10c"}}
{"__type":"$$EventMessageConfirm","confirm":"26bbd69e-a311-49a8-9057-c938ec9142be","ts":"2026-01-02T17:16:25.339+09:00","source":{"id":"0","name":"eventBus"}}
{"__type":"$$EventMessageNode","id":"05503de6-dbc9-4172-b76a-5a09a731d733","ts":"2026-01-02T17:16:25.340+09:00","eventName":"n8n.node.finished","message":"n8n.node.finished","payload":{"workflowId":"XHsinTv62BvAq6xE","workflowName":"News Automation - Weekly Video RSS (Scheduled)","executionId":"56","nodeType":"n8n-nodes-base.if","nodeName":"Skip Weekend","nodeId":"87a8fae2-76ee-4be6-b9d9-ec92e82bf10c"}}
{"__type":"$$EventMessageConfirm","confirm":"05503de6-dbc9-4172-b76a-5a09a731d733","ts":"2026-01-02T17:16:25.340+09:00","source":{"id":"0","name":"eventBus"}}
{"__type":"$$EventMessageNode","id":"841179bf-fbb0-4ab6-b103-449ab0c0963b","ts":"2026-01-02T17:16:25.340+09:00","eventName":"n8n.node.started","message":"n8n.node.started","payload":{"workflowId":"XHsinTv62BvAq6xE","workflowName":"News Automation - Weekly Video RSS (Scheduled)","executionId":"56","nodeType":"n8n-nodes-base.executeCommand","nodeName":"Run Daily Shorts RSS","nodeId":"3cf2818f-130b-4a41-b1ba-2db70914e455"}}
{"__type":"$$EventMessageConfirm","confirm":"841179bf-fbb0-4ab6-b103-449ab0c0963b","ts":"2026-01-02T17:16:25.340+09:00","source":{"id":"0","name":"eventBus"}}
{"__type":"$$EventMessageNode","id":"1d93bf23-a475-435c-b038-0a4bec1ad58e","ts":"2026-01-02T17:22:57.583+09:00","eventName":"n8n.node.finished","message":"n8n.node.finished","payload":{"workflowId":"XHsinTv62BvAq6xE","workflowName":"News Automation - Weekly Video RSS (Scheduled)","executionId":"56","nodeType":"n8n-nodes-base.executeCommand","nodeName":"Run Daily Shorts RSS","nodeId":"3cf2818f-130b-4a41-b1ba-2db70914e455"}}
{"__type":"$$EventMessageConfirm","confirm":"1d93bf23-a475-435c-b038-0a4bec1ad58e","ts":"2026-01-02T17:22:57.583+09:00","source":{"id":"0","name":"eventBus"}}
{"__type":"$$EventMessageWorkflow","id":"68b8adfe-4d7d-4b62-a7f0-5f6d65fc7ede","ts":"2026-01-02T17:22:57.584+09:00","eventName":"n8n.workflow.success","message":"n8n.workflow.success","payload":{"userId":"c14181ce-9762-42f9-8601-ace4c677dea7","executionId":"56","success":true,"isManual":true,"workflowId":"XHsinTv62BvAq6xE","workflowName":"News Automation - Weekly Video RSS (Scheduled)"}}
{"__type":"$$EventMessageConfirm","confirm":"68b8adfe-4d7d-4b62-a7f0-5f6d65fc7ede","ts":"2026-01-02T17:22:57.584+09:00","source":{"id":"0","name":"eventBus"}}
{"__type":"$$EventMessageWorkflow","id":"ce98a466-b2fc-43e1-89bb-8a6e03d6c73c","ts":"2026-01-02T17:26:05.005+09:00","eventName":"n8n.workflow.started","message":"n8n.workflow.started","payload":{"executionId":"57","workflowId":"XHsinTv62BvAq6xE","isManual":false,"workflowName":"News Automation - Weekly Video RSS (Scheduled)"}}
{"__type":"$$EventMessageConfirm","confirm":"ce98a466-b2fc-43e1-89bb-8a6e03d6c73c","ts":"2026-01-02T17:26:05.005+09:00","source":{"id":"0","name":"eventBus"}}
{"__type":"$$EventMessageNode","id":"e78d3347-9dc3-414c-b12c-42aae22535d3","ts":"2026-01-02T17:26:05.005+09:00","eventName":"n8n.node.started","message":"n8n.node.started","payload":{"workflowId":"XHsinTv62BvAq6xE","workflowName":"News Automation - Weekly Video RSS (Scheduled)","executionId":"57","nodeType":"n8n-nodes-base.scheduleTrigger","nodeName":"Sunday 11:40AM","nodeId":"4e8f6f8e-f784-41cb-95b8-5a174177bec2"}}
{"__type":"$$EventMessageConfirm","confirm":"e78d3347-9dc3-414c-b12c-42aae22535d3","ts":"2026-01-02T17:26:05.005+09:00","source":{"id":"0","name":"eventBus"}}
{"__type":"$$EventMessageNode","id":"64c1b9f1-4232-4160-ab91-9922e458f85b","ts":"2026-01-02T17:26:05.006+09:00","eventName":"n8n.node.finished","message":"n8n.node.finished","payload":{"workflowId":"XHsinTv62BvAq6xE","workflowName":"News Automation - Weekly Video RSS (Scheduled)","executionId":"57","nodeType":"n8n-nodes-base.scheduleTrigger","nodeName":"Sunday 11:40AM","nodeId":"4e8f6f8e-f784-41cb-95b8-5a174177bec2"}}
{"__type":"$$EventMessageConfirm","confirm":"64c1b9f1-4232-4160-ab91-9922e458f85b","ts":"2026-01-02T17:26:05.006+09:00","source":{"id":"0","name":"eventBus"}}
{"__type":"$$EventMessageNode","id":"8d9cc247-9e86-4a69-a069-22b08b0a4aa9","ts":"2026-01-02T17:26:05.006+09:00","eventName":"n8n.node.started","message":"n8n.node.started","payload":{"workflowId":"XHsinTv62BvAq6xE","workflowName":"News Automation - Weekly Video RSS (Scheduled)","executionId":"57","nodeType":"n8n-nodes-base.executeCommand","nodeName":"Run Weekly Video RSS","nodeId":"e50eaea3-1d2f-4fa4-a287-e9df2cc66bb0"}}
{"__type":"$$EventMessageConfirm","confirm":"8d9cc247-9e86-4a69-a069-22b08b0a4aa9","ts":"2026-01-02T17:26:05.006+09:00","source":{"id":"0","name":"eventBus"}}
{"__type":"$$EventMessageNode","id":"96398c7a-aeb5-4107-9c96-7d13afadb2ec","ts":"2026-01-02T17:50:27.951+09:00","eventName":"n8n.node.finished","message":"n8n.node.finished","payload":{"workflowId":"XHsinTv62BvAq6xE","workflowName":"News Automation - Weekly Video RSS (Scheduled)","executionId":"57","nodeType":"n8n-nodes-base.executeCommand","nodeName":"Run Weekly Video RSS","nodeId":"e50eaea3-1d2f-4fa4-a287-e9df2cc66bb0"}}
{"__type":"$$EventMessageConfirm","confirm":"96398c7a-aeb5-4107-9c96-7d13afadb2ec","ts":"2026-01-02T17:50:27.951+09:00","source":{"id":"0","name":"eventBus"}}
{"__type":"$$EventMessageWorkflow","id":"9077b873-fbf7-4d29-8f67-523f236274ea","ts":"2026-01-02T17:50:27.952+09:00","eventName":"n8n.workflow.success","message":"n8n.workflow.success","payload":{"userId":"c14181ce-9762-42f9-8601-ace4c677dea7","executionId":"57","success":true,"isManual":true,"workflowId":"XHsinTv62BvAq6xE","workflowName":"News Automation - Weekly Video RSS (Scheduled)"}}
{"__type":"$$EventMessageConfirm","confirm":"9077b873-fbf7-4d29-8f67-523f236274ea","ts":"2026-01-02T17:50:27.952+09:00","source":{"id":"0","name":"eventBus"}}
{"__type":"$$EventMessageAudit","id":"5e54dc3b-bf4f-4a14-89ba-2be79b4eed4c","ts":"2026-01-02T17:51:39.054+09:00","eventName":"n8n.audit.workflow.updated","message":"n8n.audit.workflow.updated","payload":{"userId":"c14181ce-9762-42f9-8601-ace4c677dea7","_email":"shs1124@gmail.com","_firstName":"HS","_lastName":"song","globalRole":"global:owner","workflowId":"XHsinTv62BvAq6xE","workflowName":"News Automation - Weekly Video RSS (Scheduled)"}}
{"__type":"$$EventMessageConfirm","confirm":"5e54dc3b-bf4f-4a14-89ba-2be79b4eed4c","ts":"2026-01-02T17:51:39.054+09:00","source":{"id":"0","name":"eventBus"}}
{"__type":"$$EventMessageAudit","id":"54a07198-9fc9-477a-97b9-26c3b188206b","ts":"2026-01-02T17:51:55.434+09:00","eventName":"n8n.audit.workflow.updated","message":"n8n.audit.workflow.updated","payload":{"userId":"c14181ce-9762-42f9-8601-ace4c677dea7","_email":"shs1124@gmail.com","_firstName":"HS","_lastName":"song","globalRole":"global:owner","workflowId":"XHsinTv62BvAq6xE","workflowName":"News Automation - Weekly Video RSS (Scheduled)"}}
{"__type":"$$EventMessageConfirm","confirm":"54a07198-9fc9-477a-97b9-26c3b188206b","ts":"2026-01-02T17:51:55.434+09:00","source":{"id":"0","name":"eventBus"}}
{"__type":"$$EventMessageAudit","id":"0c33bfc8-8ca9-496d-a73c-d7a6615867f6","ts":"2026-01-02T17:52:11.542+09:00","eventName":"n8n.audit.workflow.updated","message":"n8n.audit.workflow.updated","payload":{"userId":"c14181ce-9762-42f9-8601-ace4c677dea7","_email":"shs1124@gmail.com","_firstName":"HS","_lastName":"song","globalRole":"global:owner","workflowId":"XHsinTv62BvAq6xE","workflowName":"News Automation - Daily Shorts (Scheduled)"}}
{"__type":"$$EventMessageConfirm","confirm":"0c33bfc8-8ca9-496d-a73c-d7a6615867f6","ts":"2026-01-02T17:52:11.542+09:00","source":{"id":"0","name":"eventBus"}}
{"__type":"$$EventMessageAudit","id":"a710022b-b302-4077-8b86-ebea6b145ee9","ts":"2026-01-02T17:52:29.250+09:00","eventName":"n8n.audit.workflow.updated","message":"n8n.audit.workflow.updated","payload":{"userId":"c14181ce-9762-42f9-8601-ace4c677dea7","_email":"shs1124@gmail.com","_firstName":"HS","_lastName":"song","globalRole":"global:owner","workflowId":"XHsinTv62BvAq6xE","workflowName":"News Automation - Weekly Video RSS (Scheduled)"}}
{"__type":"$$EventMessageConfirm","confirm":"a710022b-b302-4077-8b86-ebea6b145ee9","ts":"2026-01-02T17:52:29.250+09:00","source":{"id":"0","name":"eventBus"}}
{"__type":"$$EventMessageAudit","id":"dc836d2f-a2f0-4e33-a149-4d2fb5249cf5","ts":"2026-01-02T17:52:51.727+09:00","eventName":"n8n.audit.workflow.updated","message":"n8n.audit.workflow.updated","payload":{"userId":"c14181ce-9762-42f9-8601-ace4c677dea7","_email":"shs1124@gmail.com","_firstName":"HS","_lastName":"song","globalRole":"global:owner","workflowId":"XHsinTv62BvAq6xE","workflowName":"News Automation - Daily Shorts RSS Noon (Scheduled)"}}
{"__type":"$$EventMessageConfirm","confirm":"dc836d2f-a2f0-4e33-a149-4d2fb5249cf5","ts":"2026-01-02T17:52:51.727+09:00","source":{"id":"0","name":"eventBus"}}
{"__type":"$$EventMessageAudit","id":"380bfaab-f7bb-4739-af7d-9af43914ac01","ts":"2026-01-02T17:53:06.442+09:00","eventName":"n8n.audit.workflow.updated","message":"n8n.audit.workflow.updated","payload":{"userId":"c14181ce-9762-42f9-8601-ace4c677dea7","_email":"shs1124@gmail.com","_firstName":"HS","_lastName":"song","globalRole":"global:owner","workflowId":"XHsinTv62BvAq6xE","workflowName":"News Automation - Daily Shorts RSS Noon (Scheduled)"}}
{"__type":"$$EventMessageConfirm","confirm":"380bfaab-f7bb-4739-af7d-9af43914ac01","ts":"2026-01-02T17:53:06.442+09:00","source":{"id":"0","name":"eventBus"}}
{"__type":"$$EventMessageAudit","id":"ae01ecd7-ee11-4972-8203-3e06a5bd1744","ts":"2026-01-02T17:53:41.141+09:00","eventName":"n8n.audit.workflow.updated","message":"n8n.audit.workflow.updated","payload":{"userId":"c14181ce-9762-42f9-8601-ace4c677dea7","_email":"shs1124@gmail.com","_firstName":"HS","_lastName":"song","globalRole":"global:owner","workflowId":"XHsinTv62BvAq6xE","workflowName":"News Automation - Weekly Video RSS (Scheduled)"}}
{"__type":"$$EventMessageConfirm","confirm":"ae01ecd7-ee11-4972-8203-3e06a5bd1744","ts":"2026-01-02T17:53:41.141+09:00","source":{"id":"0","name":"eventBus"}}
{"__type":"$$EventMessageWorkflow","id":"590e00e3-902d-4c6d-b99e-a99ef554738b","ts":"2026-01-02T18:13:49.796+09:00","eventName":"n8n.workflow.started","message":"n8n.workflow.started","payload":{"executionId":"58","workflowId":"XHsinTv62BvAq6xE","isManual":false,"workflowName":"News Automation - Weekly Video RSS (Scheduled)"}}
{"__type":"$$EventMessageConfirm","confirm":"590e00e3-902d-4c6d-b99e-a99ef554738b","ts":"2026-01-02T18:13:49.796+09:00","source":{"id":"0","name":"eventBus"}}
{"__type":"$$EventMessageNode","id":"4cf5ea63-c94e-4618-9871-0c59f1e10bbc","ts":"2026-01-02T18:13:49.796+09:00","eventName":"n8n.node.started","message":"n8n.node.started","payload":{"workflowId":"XHsinTv62BvAq6xE","workflowName":"News Automation - Weekly Video RSS (Scheduled)","executionId":"58","nodeType":"n8n-nodes-base.scheduleTrigger","nodeName":"Sunday 11:30AM","nodeId":"ada8b030-3ee9-48e2-b87d-ed015c47d202"}}
{"__type":"$$EventMessageConfirm","confirm":"4cf5ea63-c94e-4618-9871-0c59f1e10bbc","ts":"2026-01-02T18:13:49.796+09:00","source":{"id":"0","name":"eventBus"}}
{"__type":"$$EventMessageNode","id":"8ebbabd5-b93d-45ad-afb4-25f80c587fe0","ts":"2026-01-02T18:13:49.797+09:00","eventName":"n8n.node.finished","message":"n8n.node.finished","payload":{"workflowId":"XHsinTv62BvAq6xE","workflowName":"News Automation - Weekly Video RSS (Scheduled)","executionId":"58","nodeType":"n8n-nodes-base.scheduleTrigger","nodeName":"Sunday 11:30AM","nodeId":"ada8b030-3ee9-48e2-b87d-ed015c47d202"}}
{"__type":"$$EventMessageConfirm","confirm":"8ebbabd5-b93d-45ad-afb4-25f80c587fe0","ts":"2026-01-02T18:13:49.797+09:00","source":{"id":"0","name":"eventBus"}}
{"__type":"$$EventMessageNode","id":"0cdd83a4-675d-4a29-8344-f524dd77b9c0","ts":"2026-01-02T18:13:49.797+09:00","eventName":"n8n.node.started","message":"n8n.node.started","payload":{"workflowId":"XHsinTv62BvAq6xE","workflowName":"News Automation - Weekly Video RSS (Scheduled)","executionId":"58","nodeType":"n8n-nodes-base.executeCommand","nodeName":"Run Weekly Video RSS","nodeId":"fab3ae65-4a85-4af2-8593-cc3e7759204e"}}
{"__type":"$$EventMessageConfirm","confirm":"0cdd83a4-675d-4a29-8344-f524dd77b9c0","ts":"2026-01-02T18:13:49.797+09:00","source":{"id":"0","name":"eventBus"}}
{"__type":"$$EventMessageNode","id":"6acd2ac0-2507-47f9-8825-49e97d5de5a2","ts":"2026-01-02T18:39:05.647+09:00","eventName":"n8n.node.finished","message":"n8n.node.finished","payload":{"workflowId":"XHsinTv62BvAq6xE","workflowName":"News Automation - Weekly Video RSS (Scheduled)","executionId":"58","nodeType":"n8n-nodes-base.executeCommand","nodeName":"Run Weekly Video RSS","nodeId":"fab3ae65-4a85-4af2-8593-cc3e7759204e"}}
{"__type":"$$EventMessageConfirm","confirm":"6acd2ac0-2507-47f9-8825-49e97d5de5a2","ts":"2026-01-02T18:39:05.648+09:00","source":{"id":"0","name":"eventBus"}}
{"__type":"$$EventMessageWorkflow","id":"e156fbdb-1017-4d85-9821-6633840376ff","ts":"2026-01-02T18:39:05.649+09:00","eventName":"n8n.workflow.success","message":"n8n.workflow.success","payload":{"userId":"c14181ce-9762-42f9-8601-ace4c677dea7","executionId":"58","success":true,"isManual":true,"workflowId":"XHsinTv62BvAq6xE","workflowName":"News Automation - Weekly Video RSS (Scheduled)"}}
{"__type":"$$EventMessageConfirm","confirm":"e156fbdb-1017-4d85-9821-6633840376ff","ts":"2026-01-02T18:39:05.649+09:00","source":{"id":"0","name":"eventBus"}}
{"__type":"$$EventMessageAudit","id":"9f69d1dc-c808-4e8c-bd85-1aadd3be693c","ts":"2026-01-02T20:12:14.618+09:00","eventName":"n8n.audit.workflow.updated","message":"n8n.audit.workflow.updated","payload":{"userId":"c14181ce-9762-42f9-8601-ace4c677dea7","_email":"shs1124@gmail.com","_firstName":"HS","_lastName":"song","globalRole":"global:owner","workflowId":"XHsinTv62BvAq6xE","workflowName":"News Automation - Weekly Video RSS (Scheduled)"}}
{"__type":"$$EventMessageConfirm","confirm":"9f69d1dc-c808-4e8c-bd85-1aadd3be693c","ts":"2026-01-02T20:12:14.618+09:00","source":{"id":"0","name":"eventBus"}}
{"__type":"$$EventMessageAudit","id":"63bca84c-3073-4c2c-b61f-f188ad7f0270","ts":"2026-01-02T20:12:51.087+09:00","eventName":"n8n.audit.workflow.updated","message":"n8n.audit.workflow.updated","payload":{"userId":"c14181ce-9762-42f9-8601-ace4c677dea7","_email":"shs1124@gmail.com","_firstName":"HS","_lastName":"song","globalRole":"global:owner","workflowId":"XHsinTv62BvAq6xE","workflowName":"News Automation - Breaking News Detector"}}
{"__type":"$$EventMessageConfirm","confirm":"63bca84c-3073-4c2c-b61f-f188ad7f0270","ts":"2026-01-02T20:12:51.087+09:00","source":{"id":"0","name":"eventBus"}}
{"__type":"$$EventMessageAudit","id":"a9c60f55-bfe6-4a8c-b2e1-b409964b798f","ts":"2026-01-02T20:14:01.114+09:00","eventName":"n8n.audit.user.credentials.created","message":"n8n.audit.user.credentials.created","payload":{"userId":"c14181ce-9762-42f9-8601-ace4c677dea7","_email":"shs1124@gmail.com","_firstName":"HS","_lastName":"song","globalRole":"global:owner","credentialType":"smtp","credentialId":"YYiDMR4OTch0s9pX","publicApi":false,"projectId":"cYzOqcuUBcNkh7BK","projectType":"personal"}}
{"__type":"$$EventMessageConfirm","confirm":"a9c60f55-bfe6-4a8c-b2e1-b409964b798f","ts":"2026-01-02T20:14:01.115+09:00","source":{"id":"0","name":"eventBus"}}
{"__type":"$$EventMessageAudit","id":"4a34dd84-5212-4115-82ae-60f5f11ba2f5","ts":"2026-01-02T20:18:31.565+09:00","eventName":"n8n.audit.user.credentials.updated","message":"n8n.audit.user.credentials.updated","payload":{"userId":"c14181ce-9762-42f9-8601-ace4c677dea7","_email":"shs1124@gmail.com","_firstName":"HS","_lastName":"song","globalRole":"global:owner","credentialType":"smtp","credentialId":"YYiDMR4OTch0s9pX"}}
{"__type":"$$EventMessageConfirm","confirm":"4a34dd84-5212-4115-82ae-60f5f11ba2f5","ts":"2026-01-02T20:18:31.565+09:00","source":{"id":"0","name":"eventBus"}}
{"__type":"$$EventMessageAudit","id":"2281acfd-453b-4211-b1a4-05a073ca5e79","ts":"2026-01-02T20:22:48.438+09:00","eventName":"n8n.audit.workflow.updated","message":"n8n.audit.workflow.updated","payload":{"userId":"c14181ce-9762-42f9-8601-ace4c677dea7","_email":"shs1124@gmail.com","_firstName":"HS","_lastName":"song","globalRole":"global:owner","workflowId":"XHsinTv62BvAq6xE","workflowName":"News Automation - Breaking News Detector"}}
{"__type":"$$EventMessageConfirm","confirm":"2281acfd-453b-4211-b1a4-05a073ca5e79","ts":"2026-01-02T20:22:48.438+09:00","source":{"id":"0","name":"eventBus"}}
{"__type":"$$EventMessageAudit","id":"b11a8bd9-844a-4cb3-b943-66eb33b9fa4b","ts":"2026-01-02T20:24:10.877+09:00","eventName":"n8n.audit.workflow.updated","message":"n8n.audit.workflow.updated","payload":{"userId":"c14181ce-9762-42f9-8601-ace4c677dea7","_email":"shs1124@gmail.com","_firstName":"HS","_lastName":"song","globalRole":"global:owner","workflowId":"XHsinTv62BvAq6xE","workflowName":"News Automation - Daily Shorts RSS Noon (Scheduled)"}}
{"__type":"$$EventMessageConfirm","confirm":"b11a8bd9-844a-4cb3-b943-66eb33b9fa4b","ts":"2026-01-02T20:24:10.877+09:00","source":{"id":"0","name":"eventBus"}}
{"__type":"$$EventMessageAudit","id":"0e4641e6-1517-4f87-8552-28641e046c8f","ts":"2026-01-02T20:24:34.489+09:00","eventName":"n8n.audit.workflow.updated","message":"n8n.audit.workflow.updated","payload":{"userId":"c14181ce-9762-42f9-8601-ace4c677dea7","_email":"shs1124@gmail.com","_firstName":"HS","_lastName":"song","globalRole":"global:owner","workflowId":"XHsinTv62BvAq6xE","workflowName":"News Automation - Breaking News Detector"}}
{"__type":"$$EventMessageConfirm","confirm":"0e4641e6-1517-4f87-8552-28641e046c8f","ts":"2026-01-02T20:24:34.489+09:00","source":{"id":"0","name":"eventBus"}}
{"__type":"$$EventMessageAudit","id":"df03a33d-c821-4527-8486-f63a69bb6f3d","ts":"2026-01-02T20:24:54.022+09:00","eventName":"n8n.audit.workflow.updated","message":"n8n.audit.workflow.updated","payload":{"userId":"c14181ce-9762-42f9-8601-ace4c677dea7","_email":"shs1124@gmail.com","_firstName":"HS","_lastName":"song","globalRole":"global:owner","workflowId":"XHsinTv62BvAq6xE","workflowName":"News Automation - Breaking News Detector"}}
{"__type":"$$EventMessageConfirm","confirm":"df03a33d-c821-4527-8486-f63a69bb6f3d","ts":"2026-01-02T20:24:54.022+09:00","source":{"id":"0","name":"eventBus"}}
{"__type":"$$EventMessageAudit","id":"6737e214-6bd7-48df-b4d3-a7a74ceae088","ts":"2026-01-02T20:25:04.605+09:00","eventName":"n8n.audit.workflow.updated","message":"n8n.audit.workflow.updated","payload":{"userId":"c14181ce-9762-42f9-8601-ace4c677dea7","_email":"shs1124@gmail.com","_firstName":"HS","_lastName":"song","globalRole":"global:owner","workflowId":"XHsinTv62BvAq6xE","workflowName":"News Automation - Breaking News Detector"}}
{"__type":"$$EventMessageConfirm","confirm":"6737e214-6bd7-48df-b4d3-a7a74ceae088","ts":"2026-01-02T20:25:04.605+09:00","source":{"id":"0","name":"eventBus"}}
{"__type":"$$EventMessageAudit","id":"09162847-e650-4a7f-9766-d64fb84f41d5","ts":"2026-01-02T20:25:15.296+09:00","eventName":"n8n.audit.workflow.updated","message":"n8n.audit.workflow.updated","payload":{"userId":"c14181ce-9762-42f9-8601-ace4c677dea7","_email":"shs1124@gmail.com","_firstName":"HS","_lastName":"song","globalRole":"global:owner","workflowId":"XHsinTv62BvAq6xE","workflowName":"News Automation - Breaking News Detector"}}
{"__type":"$$EventMessageConfirm","confirm":"09162847-e650-4a7f-9766-d64fb84f41d5","ts":"2026-01-02T20:25:15.296+09:00","source":{"id":"0","name":"eventBus"}}
{"__type":"$$EventMessageWorkflow","id":"b317562a-98d1-44d5-8b7a-8aa34a76f3ad","ts":"2026-01-02T20:25:35.720+09:00","eventName":"n8n.workflow.started","message":"n8n.workflow.started","payload":{"executionId":"59","workflowId":"XHsinTv62BvAq6xE","isManual":false,"workflowName":"News Automation - Breaking News Detector"}}
{"__type":"$$EventMessageConfirm","confirm":"b317562a-98d1-44d5-8b7a-8aa34a76f3ad","ts":"2026-01-02T20:25:35.721+09:00","source":{"id":"0","name":"eventBus"}}
{"__type":"$$EventMessageNode","id":"f70df030-598c-4173-989f-87d9aad08ee7","ts":"2026-01-02T20:25:35.721+09:00","eventName":"n8n.node.started","message":"n8n.node.started","payload":{"workflowId":"XHsinTv62BvAq6xE","workflowName":"News Automation - Breaking News Detector","executionId":"59","nodeType":"n8n-nodes-base.scheduleTrigger","nodeName":"Daily 11:50AM","nodeId":"8aaac4d1-5bbf-481e-837b-f7997304751a"}}
{"__type":"$$EventMessageConfirm","confirm":"f70df030-598c-4173-989f-87d9aad08ee7","ts":"2026-01-02T20:25:35.721+09:00","source":{"id":"0","name":"eventBus"}}
{"__type":"$$EventMessageNode","id":"0f0167b7-7b1e-4779-abe2-f5ec66d8f578","ts":"2026-01-02T20:25:35.722+09:00","eventName":"n8n.node.finished","message":"n8n.node.finished","payload":{"workflowId":"XHsinTv62BvAq6xE","workflowName":"News Automation - Breaking News Detector","executionId":"59","nodeType":"n8n-nodes-base.scheduleTrigger","nodeName":"Daily 11:50AM","nodeId":"8aaac4d1-5bbf-481e-837b-f7997304751a"}}
{"__type":"$$EventMessageConfirm","confirm":"0f0167b7-7b1e-4779-abe2-f5ec66d8f578","ts":"2026-01-02T20:25:35.722+09:00","source":{"id":"0","name":"eventBus"}}
{"__type":"$$EventMessageNode","id":"c695a0d7-2346-41c5-81af-d4660084406f","ts":"2026-01-02T20:25:35.722+09:00","eventName":"n8n.node.started","message":"n8n.node.started","payload":{"workflowId":"XHsinTv62BvAq6xE","workflowName":"News Automation - Breaking News Detector","executionId":"59","nodeType":"n8n-nodes-base.if","nodeName":"Skip Sun-Mon (US Weekend)","nodeId":"ab7903ef-3a20-4bec-a72c-0a16221400ff"}}
{"__type":"$$EventMessageConfirm","confirm":"c695a0d7-2346-41c5-81af-d4660084406f","ts":"2026-01-02T20:25:35.722+09:00","source":{"id":"0","name":"eventBus"}}
{"__type":"$$EventMessageNode","id":"10f83f13-62e2-49b7-abf1-5ca68c4209d9","ts":"2026-01-02T20:25:35.723+09:00","eventName":"n8n.node.finished","message":"n8n.node.finished","payload":{"workflowId":"XHsinTv62BvAq6xE","workflowName":"News Automation - Breaking News Detector","executionId":"59","nodeType":"n8n-nodes-base.if","nodeName":"Skip Sun-Mon (US Weekend)","nodeId":"ab7903ef-3a20-4bec-a72c-0a16221400ff"}}
{"__type":"$$EventMessageConfirm","confirm":"10f83f13-62e2-49b7-abf1-5ca68c4209d9","ts":"2026-01-02T20:25:35.723+09:00","source":{"id":"0","name":"eventBus"}}
{"__type":"$$EventMessageNode","id":"3c321a2d-e32f-4d69-8679-e8dd64da8b77","ts":"2026-01-02T20:25:35.724+09:00","eventName":"n8n.node.started","message":"n8n.node.started","payload":{"workflowId":"XHsinTv62BvAq6xE","workflowName":"News Automation - Breaking News Detector","executionId":"59","nodeType":"n8n-nodes-base.executeCommand","nodeName":"Run Daily Shorts RSS Morning","nodeId":"8d595c4b-57bd-4cac-84b1-4c9525bdd2e5"}}
{"__type":"$$EventMessageConfirm","confirm":"3c321a2d-e32f-4d69-8679-e8dd64da8b77","ts":"2026-01-02T20:25:35.724+09:00","source":{"id":"0","name":"eventBus"}}
{"__type":"$$EventMessageAudit","id":"09ab6ffc-5226-40ea-aa2c-c412e34a37a6","ts":"2026-01-02T20:25:59.795+09:00","eventName":"n8n.audit.workflow.updated","message":"n8n.audit.workflow.updated","payload":{"userId":"c14181ce-9762-42f9-8601-ace4c677dea7","_email":"shs1124@gmail.com","_firstName":"HS","_lastName":"song","globalRole":"global:owner","workflowId":"XHsinTv62BvAq6xE","workflowName":"News Automation - Breaking News Detector"}}
{"__type":"$$EventMessageConfirm","confirm":"09ab6ffc-5226-40ea-aa2c-c412e34a37a6","ts":"2026-01-02T20:25:59.795+09:00","source":{"id":"0","name":"eventBus"}}
{"__type":"$$EventMessageAudit","id":"d63d12a6-9d88-4a3b-a1b5-bc996f155795","ts":"2026-01-02T20:26:05.287+09:00","eventName":"n8n.audit.workflow.updated","message":"n8n.audit.workflow.updated","payload":{"userId":"c14181ce-9762-42f9-8601-ace4c677dea7","_email":"shs1124@gmail.com","_firstName":"HS","_lastName":"song","globalRole":"global:owner","workflowId":"XHsinTv62BvAq6xE","workflowName":"News Automation - Breaking News Detector"}}
{"__type":"$$EventMessageConfirm","confirm":"d63d12a6-9d88-4a3b-a1b5-bc996f155795","ts":"2026-01-02T20:26:05.288+09:00","source":{"id":"0","name":"eventBus"}}
{"__type":"$$EventMessageAudit","id":"a36959cf-2f18-4483-a894-6fca45bc7e49","ts":"2026-01-02T20:26:09.932+09:00","eventName":"n8n.audit.workflow.updated","message":"n8n.audit.workflow.updated","payload":{"userId":"c14181ce-9762-42f9-8601-ace4c677dea7","_email":"shs1124@gmail.com","_firstName":"HS","_lastName":"song","globalRole":"global:owner","workflowId":"XHsinTv62BvAq6xE","workflowName":"News Automation - Breaking News Detector"}}
{"__type":"$$EventMessageConfirm","confirm":"a36959cf-2f18-4483-a894-6fca45bc7e49","ts":"2026-01-02T20:26:09.932+09:00","source":{"id":"0","name":"eventBus"}}
{"__type":"$$EventMessageAudit","id":"f5bb64df-d2de-43c5-8e0e-f477486cb982","ts":"2026-01-02T20:26:17.136+09:00","eventName":"n8n.audit.workflow.updated","message":"n8n.audit.workflow.updated","payload":{"userId":"c14181ce-9762-42f9-8601-ace4c677dea7","_email":"shs1124@gmail.com","_firstName":"HS","_lastName":"song","globalRole":"global:owner","workflowId":"XHsinTv62BvAq6xE","workflowName":"News Automation - Breaking News Detector"}}
{"__type":"$$EventMessageConfirm","confirm":"f5bb64df-d2de-43c5-8e0e-f477486cb982","ts":"2026-01-02T20:26:17.136+09:00","source":{"id":"0","name":"eventBus"}}
{"__type":"$$EventMessageAudit","id":"948c6fb1-605b-406c-94b7-19ccc76176ce","ts":"2026-01-02T20:26:22.719+09:00","eventName":"n8n.audit.workflow.updated","message":"n8n.audit.workflow.updated","payload":{"userId":"c14181ce-9762-42f9-8601-ace4c677dea7","_email":"shs1124@gmail.com","_firstName":"HS","_lastName":"song","globalRole":"global:owner","workflowId":"XHsinTv62BvAq6xE","workflowName":"News Automation - Breaking News Detector"}}
{"__type":"$$EventMessageConfirm","confirm":"948c6fb1-605b-406c-94b7-19ccc76176ce","ts":"2026-01-02T20:26:22.719+09:00","source":{"id":"0","name":"eventBus"}}
{"__type":"$$EventMessageAudit","id":"d18b33a0-50ec-4619-abc9-ab16d11a44cc","ts":"2026-01-02T20:26:26.653+09:00","eventName":"n8n.audit.workflow.updated","message":"n8n.audit.workflow.updated","payload":{"userId":"c14181ce-9762-42f9-8601-ace4c677dea7","_email":"shs1124@gmail.com","_firstName":"HS","_lastName":"song","globalRole":"global:owner","workflowId":"XHsinTv62BvAq6xE","workflowName":"News Automation - Breaking News Detector"}}
{"__type":"$$EventMessageConfirm","confirm":"d18b33a0-50ec-4619-abc9-ab16d11a44cc","ts":"2026-01-02T20:26:26.653+09:00","source":{"id":"0","name":"eventBus"}}
{"__type":"$$EventMessageAudit","id":"0d0f474f-8f53-4d19-ba60-30a81f63eab3","ts":"2026-01-02T20:26:43.019+09:00","eventName":"n8n.audit.workflow.updated","message":"n8n.audit.workflow.updated","payload":{"userId":"c14181ce-9762-42f9-8601-ace4c677dea7","_email":"shs1124@gmail.com","_firstName":"HS","_lastName":"song","globalRole":"global:owner","workflowId":"XHsinTv62BvAq6xE","workflowName":"News Automation - Breaking News Detector"}}
{"__type":"$$EventMessageConfirm","confirm":"0d0f474f-8f53-4d19-ba60-30a81f63eab3","ts":"2026-01-02T20:26:43.019+09:00","source":{"id":"0","name":"eventBus"}}
{"__type":"$$EventMessageWorkflow","id":"bc6962b3-8fb5-4c6a-86d5-df7c53aa874f","ts":"2026-01-02T20:30:59.074+09:00","eventName":"n8n.workflow.started","message":"n8n.workflow.started","payload":{"executionId":"60","workflowId":"XHsinTv62BvAq6xE","isManual":false,"workflowName":"News Automation - Breaking News Detector"}}
{"__type":"$$EventMessageConfirm","confirm":"bc6962b3-8fb5-4c6a-86d5-df7c53aa874f","ts":"2026-01-02T20:30:59.075+09:00","source":{"id":"0","name":"eventBus"}}
{"__type":"$$EventMessageNode","id":"93d197d1-ee0b-457f-b250-4279deec1a84","ts":"2026-01-02T20:30:59.075+09:00","eventName":"n8n.node.started","message":"n8n.node.started","payload":{"workflowId":"XHsinTv62BvAq6xE","workflowName":"News Automation - Breaking News Detector","executionId":"60","nodeType":"n8n-nodes-base.scheduleTrigger","nodeName":"Every 10 Minutes","nodeId":"60799ac8-7dc4-4e86-b314-9c2fd76ccde7"}}
{"__type":"$$EventMessageConfirm","confirm":"93d197d1-ee0b-457f-b250-4279deec1a84","ts":"2026-01-02T20:30:59.075+09:00","source":{"id":"0","name":"eventBus"}}
{"__type":"$$EventMessageNode","id":"e572f332-1092-44e3-ba45-ed07cc8f4c19","ts":"2026-01-02T20:30:59.075+09:00","eventName":"n8n.node.finished","message":"n8n.node.finished","payload":{"workflowId":"XHsinTv62BvAq6xE","workflowName":"News Automation - Breaking News Detector","executionId":"60","nodeType":"n8n-nodes-base.scheduleTrigger","nodeName":"Every 10 Minutes","nodeId":"60799ac8-7dc4-4e86-b314-9c2fd76ccde7"}}
{"__type":"$$EventMessageConfirm","confirm":"e572f332-1092-44e3-ba45-ed07cc8f4c19","ts":"2026-01-02T20:30:59.075+09:00","source":{"id":"0","name":"eventBus"}}
{"__type":"$$EventMessageNode","id":"44f7136a-8627-4821-b962-982444f3c471","ts":"2026-01-02T20:30:59.075+09:00","eventName":"n8n.node.started","message":"n8n.node.started","payload":{"workflowId":"XHsinTv62BvAq6xE","workflowName":"News Automation - Breaking News Detector","executionId":"60","nodeType":"n8n-nodes-base.executeCommand","nodeName":"Detect Breaking News","nodeId":"4ae36a56-9bc2-4df5-8514-1d7ab3bbed40"}}
{"__type":"$$EventMessageConfirm","confirm":"44f7136a-8627-4821-b962-982444f3c471","ts":"2026-01-02T20:30:59.075+09:00","source":{"id":"0","name":"eventBus"}}
{"__type":"$$EventMessageNode","id":"080d32a9-3a95-4723-b45e-a229a955fdda","ts":"2026-01-02T20:31:16.890+09:00","eventName":"n8n.node.finished","message":"n8n.node.finished","payload":{"workflowId":"XHsinTv62BvAq6xE","workflowName":"News Automation - Breaking News Detector","executionId":"60","nodeType":"n8n-nodes-base.executeCommand","nodeName":"Detect Breaking News","nodeId":"4ae36a56-9bc2-4df5-8514-1d7ab3bbed40"}}
{"__type":"$$EventMessageConfirm","confirm":"080d32a9-3a95-4723-b45e-a229a955fdda","ts":"2026-01-02T20:31:16.890+09:00","source":{"id":"0","name":"eventBus"}}
{"__type":"$$EventMessageNode","id":"ffd23426-5c91-41d9-8bb6-529153dcd740","ts":"2026-01-02T20:31:16.890+09:00","eventName":"n8n.node.started","message":"n8n.node.started","payload":{"workflowId":"XHsinTv62BvAq6xE","workflowName":"News Automation - Breaking News Detector","executionId":"60","nodeType":"n8n-nodes-base.if","nodeName":"Has Breaking News?","nodeId":"c62495b4-479d-4264-9cac-74643757952d"}}
{"__type":"$$EventMessageConfirm","confirm":"ffd23426-5c91-41d9-8bb6-529153dcd740","ts":"2026-01-02T20:31:16.890+09:00","source":{"id":"0","name":"eventBus"}}
{"__type":"$$EventMessageNode","id":"c2ce59d3-661f-485e-89bb-f7b6f5a5a739","ts":"2026-01-02T20:31:16.896+09:00","eventName":"n8n.node.finished","message":"n8n.node.finished","payload":{"workflowId":"XHsinTv62BvAq6xE","workflowName":"News Automation - Breaking News Detector","executionId":"60","nodeType":"n8n-nodes-base.if","nodeName":"Has Breaking News?","nodeId":"c62495b4-479d-4264-9cac-74643757952d"}}
{"__type":"$$EventMessageConfirm","confirm":"c2ce59d3-661f-485e-89bb-f7b6f5a5a739","ts":"2026-01-02T20:31:16.896+09:00","source":{"id":"0","name":"eventBus"}}
{"__type":"$$EventMessageNode","id":"7b9ee89f-33be-41cd-90ca-bcb708b9861c","ts":"2026-01-02T20:31:16.896+09:00","eventName":"n8n.node.started","message":"n8n.node.started","payload":{"workflowId":"XHsinTv62BvAq6xE","workflowName":"News Automation - Breaking News Detector","executionId":"60","nodeType":"n8n-nodes-base.emailSend","nodeName":"Email Breaking","nodeId":"83705bef-71b9-44cf-8ce6-86e6e1e82284"}}
{"__type":"$$EventMessageConfirm","confirm":"7b9ee89f-33be-41cd-90ca-bcb708b9861c","ts":"2026-01-02T20:31:16.896+09:00","source":{"id":"0","name":"eventBus"}}
{"__type":"$$EventMessageNode","id":"d96fffed-e571-4929-839e-ba28266b7308","ts":"2026-01-02T20:31:19.219+09:00","eventName":"n8n.node.finished","message":"n8n.node.finished","payload":{"workflowId":"XHsinTv62BvAq6xE","workflowName":"News Automation - Breaking News Detector","executionId":"60","nodeType":"n8n-nodes-base.emailSend","nodeName":"Email Breaking","nodeId":"83705bef-71b9-44cf-8ce6-86e6e1e82284"}}
{"__type":"$$EventMessageConfirm","confirm":"d96fffed-e571-4929-839e-ba28266b7308","ts":"2026-01-02T20:31:19.219+09:00","source":{"id":"0","name":"eventBus"}}
{"__type":"$$EventMessageWorkflow","id":"78a80c23-be08-4763-a2ad-b760e42a7c78","ts":"2026-01-02T20:31:19.220+09:00","eventName":"n8n.workflow.success","message":"n8n.workflow.success","payload":{"executionId":"60","success":true,"isManual":false,"workflowId":"XHsinTv62BvAq6xE","workflowName":"News Automation - Breaking News Detector"}}
{"__type":"$$EventMessageConfirm","confirm":"78a80c23-be08-4763-a2ad-b760e42a7c78","ts":"2026-01-02T20:31:19.220+09:00","source":{"id":"0","name":"eventBus"}}
{"__type":"$$EventMessageNode","id":"0d867608-41e8-4ed4-ac40-08bd2823ba6d","ts":"2026-01-02T20:32:22.323+09:00","eventName":"n8n.node.finished","message":"n8n.node.finished","payload":{"workflowId":"XHsinTv62BvAq6xE","workflowName":"News Automation - Breaking News Detector","executionId":"59","nodeType":"n8n-nodes-base.executeCommand","nodeName":"Run Daily Shorts RSS Morning","nodeId":"8d595c4b-57bd-4cac-84b1-4c9525bdd2e5"}}
{"__type":"$$EventMessageConfirm","confirm":"0d867608-41e8-4ed4-ac40-08bd2823ba6d","ts":"2026-01-02T20:32:22.323+09:00","source":{"id":"0","name":"eventBus"}}
{"__type":"$$EventMessageNode","id":"e2173905-39c7-4596-9858-c73bdda25488","ts":"2026-01-02T20:32:22.323+09:00","eventName":"n8n.node.started","message":"n8n.node.started","payload":{"workflowId":"XHsinTv62BvAq6xE","workflowName":"News Automation - Breaking News Detector","executionId":"59","nodeType":"n8n-nodes-base.emailSend","nodeName":"Email Success","nodeId":"222f7b8f-4d25-4fe6-9868-fd886dab5185"}}
{"__type":"$$EventMessageConfirm","confirm":"e2173905-39c7-4596-9858-c73bdda25488","ts":"2026-01-02T20:32:22.323+09:00","source":{"id":"0","name":"eventBus"}}
{"__type":"$$EventMessageNode","id":"3cb8103e-eebe-4fd4-8d4b-4b710d6022c8","ts":"2026-01-02T20:32:24.658+09:00","eventName":"n8n.node.finished","message":"n8n.node.finished","payload":{"workflowId":"XHsinTv62BvAq6xE","workflowName":"News Automation - Breaking News Detector","executionId":"59","nodeType":"n8n-nodes-base.emailSend","nodeName":"Email Success","nodeId":"222f7b8f-4d25-4fe6-9868-fd886dab5185"}}
{"__type":"$$EventMessageConfirm","confirm":"3cb8103e-eebe-4fd4-8d4b-4b710d6022c8","ts":"2026-01-02T20:32:24.658+09:00","source":{"id":"0","name":"eventBus"}}
{"__type":"$$EventMessageWorkflow","id":"6666fb99-2714-484e-9b81-d5d7d31a49b3","ts":"2026-01-02T20:32:24.661+09:00","eventName":"n8n.workflow.success","message":"n8n.workflow.success","payload":{"userId":"c14181ce-9762-42f9-8601-ace4c677dea7","executionId":"59","success":true,"isManual":true,"workflowId":"XHsinTv62BvAq6xE","workflowName":"News Automation - Breaking News Detector"}}
{"__type":"$$EventMessageConfirm","confirm":"6666fb99-2714-484e-9b81-d5d7d31a49b3","ts":"2026-01-02T20:32:24.661+09:00","source":{"id":"0","name":"eventBus"}}
{"__type":"$$EventMessageWorkflow","id":"877aa517-cb6b-450e-bd7f-024cd60c8559","ts":"2026-01-02T20:35:15.024+09:00","eventName":"n8n.workflow.started","message":"n8n.workflow.started","payload":{"executionId":"61","workflowId":"XHsinTv62BvAq6xE","isManual":false,"workflowName":"News Automation - Breaking News Detector"}}
{"__type":"$$EventMessageConfirm","confirm":"877aa517-cb6b-450e-bd7f-024cd60c8559","ts":"2026-01-02T20:35:15.025+09:00","source":{"id":"0","name":"eventBus"}}
{"__type":"$$EventMessageNode","id":"682efff5-b9b9-4635-97cd-840924053e20","ts":"2026-01-02T20:35:15.025+09:00","eventName":"n8n.node.started","message":"n8n.node.started","payload":{"workflowId":"XHsinTv62BvAq6xE","workflowName":"News Automation - Breaking News Detector","executionId":"61","nodeType":"n8n-nodes-base.scheduleTrigger","nodeName":"Every 10 Minutes","nodeId":"60799ac8-7dc4-4e86-b314-9c2fd76ccde7"}}
{"__type":"$$EventMessageConfirm","confirm":"682efff5-b9b9-4635-97cd-840924053e20","ts":"2026-01-02T20:35:15.025+09:00","source":{"id":"0","name":"eventBus"}}
{"__type":"$$EventMessageNode","id":"ce441cd3-d42b-42bd-a220-52b97eccb878","ts":"2026-01-02T20:35:15.026+09:00","eventName":"n8n.node.finished","message":"n8n.node.finished","payload":{"workflowId":"XHsinTv62BvAq6xE","workflowName":"News Automation - Breaking News Detector","executionId":"61","nodeType":"n8n-nodes-base.scheduleTrigger","nodeName":"Every 10 Minutes","nodeId":"60799ac8-7dc4-4e86-b314-9c2fd76ccde7"}}
{"__type":"$$EventMessageConfirm","confirm":"ce441cd3-d42b-42bd-a220-52b97eccb878","ts":"2026-01-02T20:35:15.026+09:00","source":{"id":"0","name":"eventBus"}}
{"__type":"$$EventMessageNode","id":"9bbe66dd-8c48-483c-9ad2-067b73788ffe","ts":"2026-01-02T20:35:15.026+09:00","eventName":"n8n.node.started","message":"n8n.node.started","payload":{"workflowId":"XHsinTv62BvAq6xE","workflowName":"News Automation - Breaking News Detector","executionId":"61","nodeType":"n8n-nodes-base.executeCommand","nodeName":"Detect Breaking News","nodeId":"4ae36a56-9bc2-4df5-8514-1d7ab3bbed40"}}
{"__type":"$$EventMessageConfirm","confirm":"9bbe66dd-8c48-483c-9ad2-067b73788ffe","ts":"2026-01-02T20:35:15.026+09:00","source":{"id":"0","name":"eventBus"}}
{"__type":"$$EventMessageNode","id":"23a4a494-64b8-490c-8219-8ee0f9645aaa","ts":"2026-01-02T20:35:33.618+09:00","eventName":"n8n.node.finished","message":"n8n.node.finished","payload":{"workflowId":"XHsinTv62BvAq6xE","workflowName":"News Automation - Breaking News Detector","executionId":"61","nodeType":"n8n-nodes-base.executeCommand","nodeName":"Detect Breaking News","nodeId":"4ae36a56-9bc2-4df5-8514-1d7ab3bbed40"}}
{"__type":"$$EventMessageConfirm","confirm":"23a4a494-64b8-490c-8219-8ee0f9645aaa","ts":"2026-01-02T20:35:33.618+09:00","source":{"id":"0","name":"eventBus"}}
{"__type":"$$EventMessageNode","id":"89206e37-bc1d-4d5d-bbe2-40d7f44d5b67","ts":"2026-01-02T20:35:33.618+09:00","eventName":"n8n.node.started","message":"n8n.node.started","payload":{"workflowId":"XHsinTv62BvAq6xE","workflowName":"News Automation - Breaking News Detector","executionId":"61","nodeType":"n8n-nodes-base.if","nodeName":"Has Breaking News?","nodeId":"c62495b4-479d-4264-9cac-74643757952d"}}
{"__type":"$$EventMessageConfirm","confirm":"89206e37-bc1d-4d5d-bbe2-40d7f44d5b67","ts":"2026-01-02T20:35:33.618+09:00","source":{"id":"0","name":"eventBus"}}
{"__type":"$$EventMessageNode","id":"fddc925d-7ac5-4b12-8a38-7bda9b929d17","ts":"2026-01-02T20:35:33.619+09:00","eventName":"n8n.node.finished","message":"n8n.node.finished","payload":{"workflowId":"XHsinTv62BvAq6xE","workflowName":"News Automation - Breaking News Detector","executionId":"61","nodeType":"n8n-nodes-base.if","nodeName":"Has Breaking News?","nodeId":"c62495b4-479d-4264-9cac-74643757952d"}}
{"__type":"$$EventMessageConfirm","confirm":"fddc925d-7ac5-4b12-8a38-7bda9b929d17","ts":"2026-01-02T20:35:33.619+09:00","source":{"id":"0","name":"eventBus"}}
{"__type":"$$EventMessageNode","id":"d5f5f37d-8aaa-4bdb-b948-f7ddd58b4301","ts":"2026-01-02T20:35:33.619+09:00","eventName":"n8n.node.started","message":"n8n.node.started","payload":{"workflowId":"XHsinTv62BvAq6xE","workflowName":"News Automation - Breaking News Detector","executionId":"61","nodeType":"n8n-nodes-base.emailSend","nodeName":"Email Breaking","nodeId":"83705bef-71b9-44cf-8ce6-86e6e1e82284"}}
{"__type":"$$EventMessageConfirm","confirm":"d5f5f37d-8aaa-4bdb-b948-f7ddd58b4301","ts":"2026-01-02T20:35:33.619+09:00","source":{"id":"0","name":"eventBus"}}
{"__type":"$$EventMessageNode","id":"b05405f6-bb53-4b74-841a-689c36a4bab7","ts":"2026-01-02T20:35:35.872+09:00","eventName":"n8n.node.finished","message":"n8n.node.finished","payload":{"workflowId":"XHsinTv62BvAq6xE","workflowName":"News Automation - Breaking News Detector","executionId":"61","nodeType":"n8n-nodes-base.emailSend","nodeName":"Email Breaking","nodeId":"83705bef-71b9-44cf-8ce6-86e6e1e82284"}}
{"__type":"$$EventMessageConfirm","confirm":"b05405f6-bb53-4b74-841a-689c36a4bab7","ts":"2026-01-02T20:35:35.872+09:00","source":{"id":"0","name":"eventBus"}}
{"__type":"$$EventMessageWorkflow","id":"8028ecba-4cfe-4d43-81b3-a0b8d5355e01","ts":"2026-01-02T20:35:35.875+09:00","eventName":"n8n.workflow.success","message":"n8n.workflow.success","payload":{"userId":"c14181ce-9762-42f9-8601-ace4c677dea7","executionId":"61","success":true,"isManual":true,"workflowId":"XHsinTv62BvAq6xE","workflowName":"News Automation - Breaking News Detector"}}
{"__type":"$$EventMessageConfirm","confirm":"8028ecba-4cfe-4d43-81b3-a0b8d5355e01","ts":"2026-01-02T20:35:35.875+09:00","source":{"id":"0","name":"eventBus"}}
{"__type":"$$EventMessageWorkflow","id":"cfb38785-df9d-4e2a-909f-5c398d20df25","ts":"2026-01-02T20:40:59.055+09:00","eventName":"n8n.workflow.started","message":"n8n.workflow.started","payload":{"executionId":"62","workflowId":"XHsinTv62BvAq6xE","isManual":false,"workflowName":"News Automation - Breaking News Detector"}}
{"__type":"$$EventMessageConfirm","confirm":"cfb38785-df9d-4e2a-909f-5c398d20df25","ts":"2026-01-02T20:40:59.055+09:00","source":{"id":"0","name":"eventBus"}}
{"__type":"$$EventMessageNode","id":"37fa2f8a-4a63-4a22-8d10-47090682aa92","ts":"2026-01-02T20:40:59.055+09:00","eventName":"n8n.node.started","message":"n8n.node.started","payload":{"workflowId":"XHsinTv62BvAq6xE","workflowName":"News Automation - Breaking News Detector","executionId":"62","nodeType":"n8n-nodes-base.scheduleTrigger","nodeName":"Every 10 Minutes","nodeId":"60799ac8-7dc4-4e86-b314-9c2fd76ccde7"}}
{"__type":"$$EventMessageConfirm","confirm":"37fa2f8a-4a63-4a22-8d10-47090682aa92","ts":"2026-01-02T20:40:59.055+09:00","source":{"id":"0","name":"eventBus"}}
{"__type":"$$EventMessageNode","id":"049d07a3-f215-4bac-a8b3-d5e704e64267","ts":"2026-01-02T20:40:59.055+09:00","eventName":"n8n.node.finished","message":"n8n.node.finished","payload":{"workflowId":"XHsinTv62BvAq6xE","workflowName":"News Automation - Breaking News Detector","executionId":"62","nodeType":"n8n-nodes-base.scheduleTrigger","nodeName":"Every 10 Minutes","nodeId":"60799ac8-7dc4-4e86-b314-9c2fd76ccde7"}}
{"__type":"$$EventMessageConfirm","confirm":"049d07a3-f215-4bac-a8b3-d5e704e64267","ts":"2026-01-02T20:40:59.055+09:00","source":{"id":"0","name":"eventBus"}}
{"__type":"$$EventMessageNode","id":"ad45fa23-50c0-4fcc-be93-c7272a2e025c","ts":"2026-01-02T20:40:59.055+09:00","eventName":"n8n.node.started","message":"n8n.node.started","payload":{"workflowId":"XHsinTv62BvAq6xE","workflowName":"News Automation - Breaking News Detector","executionId":"62","nodeType":"n8n-nodes-base.executeCommand","nodeName":"Detect Breaking News","nodeId":"4ae36a56-9bc2-4df5-8514-1d7ab3bbed40"}}
{"__type":"$$EventMessageConfirm","confirm":"ad45fa23-50c0-4fcc-be93-c7272a2e025c","ts":"2026-01-02T20:40:59.055+09:00","source":{"id":"0","name":"eventBus"}}
{"__type":"$$EventMessageNode","id":"7077f568-9dd8-4b7c-a2a5-72599fd5b6da","ts":"2026-01-02T20:41:18.105+09:00","eventName":"n8n.node.finished","message":"n8n.node.finished","payload":{"workflowId":"XHsinTv62BvAq6xE","workflowName":"News Automation - Breaking News Detector","executionId":"62","nodeType":"n8n-nodes-base.executeCommand","nodeName":"Detect Breaking News","nodeId":"4ae36a56-9bc2-4df5-8514-1d7ab3bbed40"}}
{"__type":"$$EventMessageConfirm","confirm":"7077f568-9dd8-4b7c-a2a5-72599fd5b6da","ts":"2026-01-02T20:41:18.105+09:00","source":{"id":"0","name":"eventBus"}}
{"__type":"$$EventMessageNode","id":"7c24944f-2be9-4bc9-a732-ebb32a81e368","ts":"2026-01-02T20:41:18.105+09:00","eventName":"n8n.node.started","message":"n8n.node.started","payload":{"workflowId":"XHsinTv62BvAq6xE","workflowName":"News Automation - Breaking News Detector","executionId":"62","nodeType":"n8n-nodes-base.if","nodeName":"Has Breaking News?","nodeId":"c62495b4-479d-4264-9cac-74643757952d"}}
{"__type":"$$EventMessageConfirm","confirm":"7c24944f-2be9-4bc9-a732-ebb32a81e368","ts":"2026-01-02T20:41:18.105+09:00","source":{"id":"0","name":"eventBus"}}
{"__type":"$$EventMessageNode","id":"edee38d0-d52c-444b-8f92-2405f530ff99","ts":"2026-01-02T20:41:18.106+09:00","eventName":"n8n.node.finished","message":"n8n.node.finished","payload":{"workflowId":"XHsinTv62BvAq6xE","workflowName":"News Automation - Breaking News Detector","executionId":"62","nodeType":"n8n-nodes-base.if","nodeName":"Has Breaking News?","nodeId":"c62495b4-479d-4264-9cac-74643757952d"}}
{"__type":"$$EventMessageConfirm","confirm":"edee38d0-d52c-444b-8f92-2405f530ff99","ts":"2026-01-02T20:41:18.106+09:00","source":{"id":"0","name":"eventBus"}}
{"__type":"$$EventMessageNode","id":"013abc09-e9af-4291-9add-205bb9a26767","ts":"2026-01-02T20:41:18.106+09:00","eventName":"n8n.node.started","message":"n8n.node.started","payload":{"workflowId":"XHsinTv62BvAq6xE","workflowName":"News Automation - Breaking News Detector","executionId":"62","nodeType":"n8n-nodes-base.emailSend","nodeName":"Email Breaking","nodeId":"83705bef-71b9-44cf-8ce6-86e6e1e82284"}}
{"__type":"$$EventMessageConfirm","confirm":"013abc09-e9af-4291-9add-205bb9a26767","ts":"2026-01-02T20:41:18.106+09:00","source":{"id":"0","name":"eventBus"}}
{"__type":"$$EventMessageNode","id":"06c3c08f-b485-4e50-b8ba-7f61c2d0c24d","ts":"2026-01-02T20:41:20.391+09:00","eventName":"n8n.node.finished","message":"n8n.node.finished","payload":{"workflowId":"XHsinTv62BvAq6xE","workflowName":"News Automation - Breaking News Detector","executionId":"62","nodeType":"n8n-nodes-base.emailSend","nodeName":"Email Breaking","nodeId":"83705bef-71b9-44cf-8ce6-86e6e1e82284"}}
{"__type":"$$EventMessageConfirm","confirm":"06c3c08f-b485-4e50-b8ba-7f61c2d0c24d","ts":"2026-01-02T20:41:20.391+09:00","source":{"id":"0","name":"eventBus"}}
{"__type":"$$EventMessageWorkflow","id":"fb0f279c-7346-411e-a33f-093072a8d39d","ts":"2026-01-02T20:41:20.391+09:00","eventName":"n8n.workflow.success","message":"n8n.workflow.success","payload":{"executionId":"62","success":true,"isManual":false,"workflowId":"XHsinTv62BvAq6xE","workflowName":"News Automation - Breaking News Detector"}}
{"__type":"$$EventMessageConfirm","confirm":"fb0f279c-7346-411e-a33f-093072a8d39d","ts":"2026-01-02T20:41:20.391+09:00","source":{"id":"0","name":"eventBus"}}
