{"__type":"$$EventMessageAudit","id":"12705040-8b31-46f4-9ea3-59ba818c7ca2","ts":"2025-12-31T18:48:06.138+09:00","eventName":"n8n.audit.workflow.updated","message":"n8n.audit.workflow.updated","payload":{"userId":"c14181ce-9762-42f9-8601-ace4c677dea7","_email":"shs1124@gmail.com","_firstName":"HS","_lastName":"song","globalRole":"global:owner","workflowId":"XHsinTv62BvAq6xE","workflowName":"News Automation - Daily Shorts + Weekly Video"}}
{"__type":"$$EventMessageConfirm","confirm":"12705040-8b31-46f4-9ea3-59ba818c7ca2","ts":"2025-12-31T18:48:06.139+09:00","source":{"id":"0","name":"eventBus"}}
{"__type":"$$EventMessageWorkflow","id":"0aa732e7-a2c1-41ed-b62d-157ae10a1d7e","ts":"2025-12-31T18:48:19.733+09:00","eventName":"n8n.workflow.started","message":"n8n.workflow.started","payload":{"executionId":"1","workflowId":"XHsinTv62BvAq6xE","isManual":false,"workflowName":"News Automation - Daily Shorts + Weekly Video"}}
{"__type":"$$EventMessageConfirm","confirm":"0aa732e7-a2c1-41ed-b62d-157ae10a1d7e","ts":"2025-12-31T18:48:19.734+09:00","source":{"id":"0","name":"eventBus"}}
{"__type":"$$EventMessageNode","id":"4fac796b-fc6c-4cc7-a473-b199c4b49eea","ts":"2025-12-31T18:48:19.734+09:00","eventName":"n8n.node.started","message":"n8n.node.started","payload":{"workflowId":"XHsinTv62BvAq6xE","workflowName":"News Automation - Daily Shorts + Weekly Video","executionId":"1","nodeType":"n8n-nodes-base.scheduleTrigger","nodeName":"Daily 5PM (Publish at 6PM KST)","nodeId":"6a115422-8b41-4746-bfb0-7781141bce1f"}}
{"__type":"$$EventMessageConfirm","confirm":"4fac796b-fc6c-4cc7-a473-b199c4b49eea","ts":"2025-12-31T18:48:19.735+09:00","source":{"id":"0","name":"eventBus"}}
{"__type":"$$EventMessageNode","id":"592e08ea-dd9e-407c-9660-ec5d572fcd2d","ts":"2025-12-31T18:48:19.741+09:00","eventName":"n8n.node.finished","message":"n8n.node.finished","payload":{"workflowId":"XHsinTv62BvAq6xE","workflowName":"News Automation - Daily Shorts + Weekly Video","executionId":"1","nodeType":"n8n-nodes-base.scheduleTrigger","nodeName":"Daily 5PM (Publish at 6PM KST)","nodeId":"6a115422-8b41-4746-bfb0-7781141bce1f"}}
{"__type":"$$EventMessageConfirm","confirm":"592e08ea-dd9e-407c-9660-ec5d572fcd2d","ts":"2025-12-31T18:48:19.741+09:00","source":{"id":"0","name":"eventBus"}}
{"__type":"$$EventMessageNode","id":"b27353cb-8621-44b8-996c-da51af0b9569","ts":"2025-12-31T18:48:19.742+09:00","eventName":"n8n.node.started","message":"n8n.node.started","payload":{"workflowId":"XHsinTv62BvAq6xE","workflowName":"News Automation - Daily Shorts + Weekly Video","executionId":"1","nodeType":"n8n-nodes-base.if","nodeName":"Skip Weekend","nodeId":"5ba34b02-8267-4386-a5ec-9fcc51c818d8"}}
{"__type":"$$EventMessageConfirm","confirm":"b27353cb-8621-44b8-996c-da51af0b9569","ts":"2025-12-31T18:48:19.742+09:00","source":{"id":"0","name":"eventBus"}}
{"__type":"$$EventMessageNode","id":"70dfae32-6325-40a7-b1dd-689d2df5aba7","ts":"2025-12-31T04:48:19.762-05:00","eventName":"n8n.node.finished","message":"n8n.node.finished","payload":{"workflowId":"XHsinTv62BvAq6xE","workflowName":"News Automation - Daily Shorts + Weekly Video","executionId":"1","nodeType":"n8n-nodes-base.if","nodeName":"Skip Weekend","nodeId":"5ba34b02-8267-4386-a5ec-9fcc51c818d8"}}
{"__type":"$$EventMessageConfirm","confirm":"70dfae32-6325-40a7-b1dd-689d2df5aba7","ts":"2025-12-31T04:48:19.762-05:00","source":{"id":"0","name":"eventBus"}}
{"__type":"$$EventMessageNode","id":"dc91b743-ee46-4d77-97c3-9dd48dd1957f","ts":"2025-12-31T04:48:19.763-05:00","eventName":"n8n.node.started","message":"n8n.node.started","payload":{"workflowId":"XHsinTv62BvAq6xE","workflowName":"News Automation - Daily Shorts + Weekly Video","executionId":"1","nodeType":"n8n-nodes-base.executeCommand","nodeName":"Run Daily Shorts","nodeId":"34070868-1d09-4fca-a9b2-b5136b512ed4"}}
{"__type":"$$EventMessageConfirm","confirm":"dc91b743-ee46-4d77-97c3-9dd48dd1957f","ts":"2025-12-31T04:48:19.763-05:00","source":{"id":"0","name":"eventBus"}}
{"__type":"$$EventMessageNode","id":"58ff41d3-2088-4c57-8baf-5eb685254ac9","ts":"2025-12-31T04:48:20.079-05:00","eventName":"n8n.node.finished","message":"n8n.node.finished","payload":{"workflowId":"XHsinTv62BvAq6xE","workflowName":"News Automation - Daily Shorts + Weekly Video","executionId":"1","nodeType":"n8n-nodes-base.executeCommand","nodeName":"Run Daily Shorts","nodeId":"34070868-1d09-4fca-a9b2-b5136b512ed4"}}
{"__type":"$$EventMessageConfirm","confirm":"58ff41d3-2088-4c57-8baf-5eb685254ac9","ts":"2025-12-31T04:48:20.079-05:00","source":{"id":"0","name":"eventBus"}}
{"__type":"$$EventMessageWorkflow","id":"b1f9540e-2934-4181-9017-e3cd65f91843","ts":"2025-12-31T04:48:20.081-05:00","eventName":"n8n.workflow.failed","message":"n8n.workflow.failed","payload":{"userId":"c14181ce-9762-42f9-8601-ace4c677dea7","executionId":"1","success":false,"isManual":true,"workflowId":"XHsinTv62BvAq6xE","workflowName":"News Automation - Daily Shorts + Weekly Video","lastNodeExecuted":"Run Daily Shorts","errorNodeType":"n8n-nodes-base.executeCommand","errorMessage":"The connection cannot be established, this usually occurs due to an incorrect host (domain) value"}}
{"__type":"$$EventMessageConfirm","confirm":"b1f9540e-2934-4181-9017-e3cd65f91843","ts":"2025-12-31T04:48:20.081-05:00","source":{"id":"0","name":"eventBus"}}
{"__type":"$$EventMessageWorkflow","id":"5611a307-2978-4b8d-9899-e69851f46b6d","ts":"2025-12-31T04:48:22.315-05:00","eventName":"n8n.workflow.started","message":"n8n.workflow.started","payload":{"executionId":"2","workflowId":"XHsinTv62BvAq6xE","isManual":false,"workflowName":"News Automation - Daily Shorts + Weekly Video"}}
{"__type":"$$EventMessageConfirm","confirm":"5611a307-2978-4b8d-9899-e69851f46b6d","ts":"2025-12-31T04:48:22.315-05:00","source":{"id":"0","name":"eventBus"}}
{"__type":"$$EventMessageNode","id":"96806b01-803c-48f7-b215-1a36c3bc259f","ts":"2025-12-31T04:48:22.315-05:00","eventName":"n8n.node.started","message":"n8n.node.started","payload":{"workflowId":"XHsinTv62BvAq6xE","workflowName":"News Automation - Daily Shorts + Weekly Video","executionId":"2","nodeType":"n8n-nodes-base.scheduleTrigger","nodeName":"Saturday 5PM (Publish at 6PM KST)","nodeId":"ce7e39ef-5063-4b64-b1d5-be9119fbce77"}}
{"__type":"$$EventMessageConfirm","confirm":"96806b01-803c-48f7-b215-1a36c3bc259f","ts":"2025-12-31T04:48:22.315-05:00","source":{"id":"0","name":"eventBus"}}
{"__type":"$$EventMessageNode","id":"3ecf9f9c-265c-46f7-9871-74e50b63314f","ts":"2025-12-31T04:48:22.316-05:00","eventName":"n8n.node.finished","message":"n8n.node.finished","payload":{"workflowId":"XHsinTv62BvAq6xE","workflowName":"News Automation - Daily Shorts + Weekly Video","executionId":"2","nodeType":"n8n-nodes-base.scheduleTrigger","nodeName":"Saturday 5PM (Publish at 6PM KST)","nodeId":"ce7e39ef-5063-4b64-b1d5-be9119fbce77"}}
{"__type":"$$EventMessageConfirm","confirm":"3ecf9f9c-265c-46f7-9871-74e50b63314f","ts":"2025-12-31T04:48:22.316-05:00","source":{"id":"0","name":"eventBus"}}
{"__type":"$$EventMessageNode","id":"1bab727b-4f30-4990-a377-a7e70581dc02","ts":"2025-12-31T04:48:22.317-05:00","eventName":"n8n.node.started","message":"n8n.node.started","payload":{"workflowId":"XHsinTv62BvAq6xE","workflowName":"News Automation - Daily Shorts + Weekly Video","executionId":"2","nodeType":"n8n-nodes-base.executeCommand","nodeName":"Run Weekly Video","nodeId":"0c6d9b77-e2ea-4204-bb5a-ba4daa7723cf"}}
{"__type":"$$EventMessageConfirm","confirm":"1bab727b-4f30-4990-a377-a7e70581dc02","ts":"2025-12-31T04:48:22.317-05:00","source":{"id":"0","name":"eventBus"}}
{"__type":"$$EventMessageNode","id":"fc543bc8-c475-43a2-a351-0b2d9e29365a","ts":"2025-12-31T04:48:22.590-05:00","eventName":"n8n.node.finished","message":"n8n.node.finished","payload":{"workflowId":"XHsinTv62BvAq6xE","workflowName":"News Automation - Daily Shorts + Weekly Video","executionId":"2","nodeType":"n8n-nodes-base.executeCommand","nodeName":"Run Weekly Video","nodeId":"0c6d9b77-e2ea-4204-bb5a-ba4daa7723cf"}}
{"__type":"$$EventMessageConfirm","confirm":"fc543bc8-c475-43a2-a351-0b2d9e29365a","ts":"2025-12-31T04:48:22.590-05:00","source":{"id":"0","name":"eventBus"}}
{"__type":"$$EventMessageWorkflow","id":"6b7abb17-77f0-483f-98fe-b98c4370187b","ts":"2025-12-31T04:48:22.591-05:00","eventName":"n8n.workflow.failed","message":"n8n.workflow.failed","payload":{"userId":"c14181ce-9762-42f9-8601-ace4c677dea7","executionId":"2","success":false,"isManual":true,"workflowId":"XHsinTv62BvAq6xE","workflowName":"News Automation - Daily Shorts + Weekly Video","lastNodeExecuted":"Run Weekly Video","errorNodeType":"n8n-nodes-base.executeCommand","errorMessage":"The connection cannot be established, this usually occurs due to an incorrect host (domain) value"}}
{"__type":"$$EventMessageConfirm","confirm":"6b7abb17-77f0-483f-98fe-b98c4370187b","ts":"2025-12-31T04:48:22.591-05:00","source":{"id":"0","name":"eventBus"}}
{"__type":"$$EventMessageAudit","id":"bac3b074-0f1b-4919-824e-77d621441e77","ts":"2025-12-31T04:50:33.671-05:00","eventName":"n8n.audit.workflow.updated","message":"n8n.audit.workflow.updated","payload":{"userId":"c14181ce-9762-42f9-8601-ace4c677dea7","_email":"shs1124@gmail.com","_firstName":"HS","_lastName":"song","globalRole":"global:owner","workflowId":"XHsinTv62BvAq6xE","workflowName":"News Automation - Daily Shorts + Weekly Video"}}
{"__type":"$$EventMessageConfirm","confirm":"bac3b074-0f1b-4919-824e-77d621441e77","ts":"2025-12-31T04:50:33.671-05:00","source":{"id":"0","name":"eventBus"}}
{"__type":"$$EventMessageAudit","id":"4bb7dccd-5d25-480f-90f2-5045ce162cc7","ts":"2025-12-31T04:50:40.376-05:00","eventName":"n8n.audit.workflow.updated","message":"n8n.audit.workflow.updated","payload":{"userId":"c14181ce-9762-42f9-8601-ace4c677dea7","_email":"shs1124@gmail.com","_firstName":"HS","_lastName":"song","globalRole":"global:owner","workflowId":"XHsinTv62BvAq6xE","workflowName":"News Automation - Daily Shorts + Weekly Video"}}
{"__type":"$$EventMessageConfirm","confirm":"4bb7dccd-5d25-480f-90f2-5045ce162cc7","ts":"2025-12-31T04:50:40.376-05:00","source":{"id":"0","name":"eventBus"}}
{"__type":"$$EventMessageWorkflow","id":"fc40afa2-dcbb-43ff-8ae4-13eaa6d081d4","ts":"2025-12-31T04:50:44.400-05:00","eventName":"n8n.workflow.started","message":"n8n.workflow.started","payload":{"executionId":"3","workflowId":"XHsinTv62BvAq6xE","isManual":false,"workflowName":"News Automation - Daily Shorts + Weekly Video"}}
{"__type":"$$EventMessageConfirm","confirm":"fc40afa2-dcbb-43ff-8ae4-13eaa6d081d4","ts":"2025-12-31T04:50:44.400-05:00","source":{"id":"0","name":"eventBus"}}
{"__type":"$$EventMessageNode","id":"f999c1a6-248c-42ac-8432-8838ba22af10","ts":"2025-12-31T04:50:44.400-05:00","eventName":"n8n.node.started","message":"n8n.node.started","payload":{"workflowId":"XHsinTv62BvAq6xE","workflowName":"News Automation - Daily Shorts + Weekly Video","executionId":"3","nodeType":"n8n-nodes-base.scheduleTrigger","nodeName":"Saturday 5PM (Publish at 6PM KST)","nodeId":"ce7e39ef-5063-4b64-b1d5-be9119fbce77"}}
{"__type":"$$EventMessageConfirm","confirm":"f999c1a6-248c-42ac-8432-8838ba22af10","ts":"2025-12-31T04:50:44.400-05:00","source":{"id":"0","name":"eventBus"}}
{"__type":"$$EventMessageNode","id":"2639c866-1d0f-4bb5-a485-ec9070a7e33e","ts":"2025-12-31T04:50:44.401-05:00","eventName":"n8n.node.finished","message":"n8n.node.finished","payload":{"workflowId":"XHsinTv62BvAq6xE","workflowName":"News Automation - Daily Shorts + Weekly Video","executionId":"3","nodeType":"n8n-nodes-base.scheduleTrigger","nodeName":"Saturday 5PM (Publish at 6PM KST)","nodeId":"ce7e39ef-5063-4b64-b1d5-be9119fbce77"}}
{"__type":"$$EventMessageConfirm","confirm":"2639c866-1d0f-4bb5-a485-ec9070a7e33e","ts":"2025-12-31T04:50:44.401-05:00","source":{"id":"0","name":"eventBus"}}
{"__type":"$$EventMessageNode","id":"f36a503a-5fa5-434e-9dfa-99bfdf6ef418","ts":"2025-12-31T04:50:44.401-05:00","eventName":"n8n.node.started","message":"n8n.node.started","payload":{"workflowId":"XHsinTv62BvAq6xE","workflowName":"News Automation - Daily Shorts + Weekly Video","executionId":"3","nodeType":"n8n-nodes-base.executeCommand","nodeName":"Run Weekly Video","nodeId":"0c6d9b77-e2ea-4204-bb5a-ba4daa7723cf"}}
{"__type":"$$EventMessageConfirm","confirm":"f36a503a-5fa5-434e-9dfa-99bfdf6ef418","ts":"2025-12-31T04:50:44.402-05:00","source":{"id":"0","name":"eventBus"}}
{"__type":"$$EventMessageNode","id":"e8b577ad-aa46-4dfc-a514-8bbb6b6e5821","ts":"2025-12-31T04:50:44.672-05:00","eventName":"n8n.node.finished","message":"n8n.node.finished","payload":{"workflowId":"XHsinTv62BvAq6xE","workflowName":"News Automation - Daily Shorts + Weekly Video","executionId":"3","nodeType":"n8n-nodes-base.executeCommand","nodeName":"Run Weekly Video","nodeId":"0c6d9b77-e2ea-4204-bb5a-ba4daa7723cf"}}
{"__type":"$$EventMessageConfirm","confirm":"e8b577ad-aa46-4dfc-a514-8bbb6b6e5821","ts":"2025-12-31T04:50:44.672-05:00","source":{"id":"0","name":"eventBus"}}
{"__type":"$$EventMessageWorkflow","id":"3f63a05e-178c-4321-a7aa-bab29bf96573","ts":"2025-12-31T04:50:44.674-05:00","eventName":"n8n.workflow.failed","message":"n8n.workflow.failed","payload":{"userId":"c14181ce-9762-42f9-8601-ace4c677dea7","executionId":"3","success":false,"isManual":true,"workflowId":"XHsinTv62BvAq6xE","workflowName":"News Automation - Daily Shorts + Weekly Video","lastNodeExecuted":"Run Weekly Video","errorNodeType":"n8n-nodes-base.executeCommand","errorMessage":"The connection cannot be established, this usually occurs due to an incorrect host (domain) value"}}
{"__type":"$$EventMessageConfirm","confirm":"3f63a05e-178c-4321-a7aa-bab29bf96573","ts":"2025-12-31T04:50:44.674-05:00","source":{"id":"0","name":"eventBus"}}
{"__type":"$$EventMessageWorkflow","id":"6c798b63-90cc-4ad3-ae95-3102086f9154","ts":"2025-12-31T04:50:49.924-05:00","eventName":"n8n.workflow.started","message":"n8n.workflow.started","payload":{"executionId":"4","workflowId":"XHsinTv62BvAq6xE","isManual":false,"workflowName":"News Automation - Daily Shorts + Weekly Video"}}
{"__type":"$$EventMessageConfirm","confirm":"6c798b63-90cc-4ad3-ae95-3102086f9154","ts":"2025-12-31T04:50:49.924-05:00","source":{"id":"0","name":"eventBus"}}
{"__type":"$$EventMessageNode","id":"2bd91483-6556-4e04-9922-faecde6530f7","ts":"2025-12-31T04:50:49.925-05:00","eventName":"n8n.node.started","message":"n8n.node.started","payload":{"workflowId":"XHsinTv62BvAq6xE","workflowName":"News Automation - Daily Shorts + Weekly Video","executionId":"4","nodeType":"n8n-nodes-base.scheduleTrigger","nodeName":"Daily 5PM (Publish at 6PM KST)","nodeId":"6a115422-8b41-4746-bfb0-7781141bce1f"}}
{"__type":"$$EventMessageConfirm","confirm":"2bd91483-6556-4e04-9922-faecde6530f7","ts":"2025-12-31T04:50:49.925-05:00","source":{"id":"0","name":"eventBus"}}
{"__type":"$$EventMessageNode","id":"e0953fbc-2c5e-44e8-a935-4eee25296f6c","ts":"2025-12-31T04:50:49.926-05:00","eventName":"n8n.node.finished","message":"n8n.node.finished","payload":{"workflowId":"XHsinTv62BvAq6xE","workflowName":"News Automation - Daily Shorts + Weekly Video","executionId":"4","nodeType":"n8n-nodes-base.scheduleTrigger","nodeName":"Daily 5PM (Publish at 6PM KST)","nodeId":"6a115422-8b41-4746-bfb0-7781141bce1f"}}
{"__type":"$$EventMessageConfirm","confirm":"e0953fbc-2c5e-44e8-a935-4eee25296f6c","ts":"2025-12-31T04:50:49.926-05:00","source":{"id":"0","name":"eventBus"}}
{"__type":"$$EventMessageNode","id":"8e0b41ff-1865-4254-91cd-0d0b51cc6063","ts":"2025-12-31T04:50:49.926-05:00","eventName":"n8n.node.started","message":"n8n.node.started","payload":{"workflowId":"XHsinTv62BvAq6xE","workflowName":"News Automation - Daily Shorts + Weekly Video","executionId":"4","nodeType":"n8n-nodes-base.if","nodeName":"Skip Weekend","nodeId":"5ba34b02-8267-4386-a5ec-9fcc51c818d8"}}
{"__type":"$$EventMessageConfirm","confirm":"8e0b41ff-1865-4254-91cd-0d0b51cc6063","ts":"2025-12-31T04:50:49.926-05:00","source":{"id":"0","name":"eventBus"}}
{"__type":"$$EventMessageNode","id":"7c8951e9-7d08-4136-b254-e74e8ee75988","ts":"2025-12-31T04:50:49.927-05:00","eventName":"n8n.node.finished","message":"n8n.node.finished","payload":{"workflowId":"XHsinTv62BvAq6xE","workflowName":"News Automation - Daily Shorts + Weekly Video","executionId":"4","nodeType":"n8n-nodes-base.if","nodeName":"Skip Weekend","nodeId":"5ba34b02-8267-4386-a5ec-9fcc51c818d8"}}
{"__type":"$$EventMessageConfirm","confirm":"7c8951e9-7d08-4136-b254-e74e8ee75988","ts":"2025-12-31T04:50:49.928-05:00","source":{"id":"0","name":"eventBus"}}
{"__type":"$$EventMessageNode","id":"a81e531d-3ebe-4066-bca6-5c83e7cb77ab","ts":"2025-12-31T04:50:49.928-05:00","eventName":"n8n.node.started","message":"n8n.node.started","payload":{"workflowId":"XHsinTv62BvAq6xE","workflowName":"News Automation - Daily Shorts + Weekly Video","executionId":"4","nodeType":"n8n-nodes-base.executeCommand","nodeName":"Run Daily Shorts","nodeId":"34070868-1d09-4fca-a9b2-b5136b512ed4"}}
{"__type":"$$EventMessageConfirm","confirm":"a81e531d-3ebe-4066-bca6-5c83e7cb77ab","ts":"2025-12-31T04:50:49.928-05:00","source":{"id":"0","name":"eventBus"}}
{"__type":"$$EventMessageNode","id":"b194a0fd-2d2c-448a-a37a-8c8efb527af3","ts":"2025-12-31T04:50:50.203-05:00","eventName":"n8n.node.finished","message":"n8n.node.finished","payload":{"workflowId":"XHsinTv62BvAq6xE","workflowName":"News Automation - Daily Shorts + Weekly Video","executionId":"4","nodeType":"n8n-nodes-base.executeCommand","nodeName":"Run Daily Shorts","nodeId":"34070868-1d09-4fca-a9b2-b5136b512ed4"}}
{"__type":"$$EventMessageConfirm","confirm":"b194a0fd-2d2c-448a-a37a-8c8efb527af3","ts":"2025-12-31T04:50:50.203-05:00","source":{"id":"0","name":"eventBus"}}
{"__type":"$$EventMessageWorkflow","id":"a0def88b-9820-4320-9ac7-1f91a4d9fe13","ts":"2025-12-31T04:50:50.204-05:00","eventName":"n8n.workflow.failed","message":"n8n.workflow.failed","payload":{"userId":"c14181ce-9762-42f9-8601-ace4c677dea7","executionId":"4","success":false,"isManual":true,"workflowId":"XHsinTv62BvAq6xE","workflowName":"News Automation - Daily Shorts + Weekly Video","lastNodeExecuted":"Run Daily Shorts","errorNodeType":"n8n-nodes-base.executeCommand","errorMessage":"The connection cannot be established, this usually occurs due to an incorrect host (domain) value"}}
{"__type":"$$EventMessageConfirm","confirm":"a0def88b-9820-4320-9ac7-1f91a4d9fe13","ts":"2025-12-31T04:50:50.204-05:00","source":{"id":"0","name":"eventBus"}}
{"__type":"$$EventMessageWorkflow","id":"362f6deb-8860-4966-83ba-ba70157e4bf7","ts":"2025-12-31T04:53:24.542-05:00","eventName":"n8n.workflow.started","message":"n8n.workflow.started","payload":{"executionId":"5","workflowId":"XHsinTv62BvAq6xE","isManual":false,"workflowName":"News Automation - Daily Shorts + Weekly Video"}}
{"__type":"$$EventMessageConfirm","confirm":"362f6deb-8860-4966-83ba-ba70157e4bf7","ts":"2025-12-31T04:53:24.542-05:00","source":{"id":"0","name":"eventBus"}}
{"__type":"$$EventMessageNode","id":"b3e6fcba-dbcf-491f-b61a-aa354408490d","ts":"2025-12-31T04:53:24.543-05:00","eventName":"n8n.node.started","message":"n8n.node.started","payload":{"workflowId":"XHsinTv62BvAq6xE","workflowName":"News Automation - Daily Shorts + Weekly Video","executionId":"5","nodeType":"n8n-nodes-base.executeCommand","nodeName":"Run Daily Shorts","nodeId":"34070868-1d09-4fca-a9b2-b5136b512ed4"}}
{"__type":"$$EventMessageConfirm","confirm":"b3e6fcba-dbcf-491f-b61a-aa354408490d","ts":"2025-12-31T04:53:24.543-05:00","source":{"id":"0","name":"eventBus"}}
{"__type":"$$EventMessageNode","id":"22e85799-95e9-4ea0-bd30-82e76dc7eb71","ts":"2025-12-31T04:53:24.824-05:00","eventName":"n8n.node.finished","message":"n8n.node.finished","payload":{"workflowId":"XHsinTv62BvAq6xE","workflowName":"News Automation - Daily Shorts + Weekly Video","executionId":"5","nodeType":"n8n-nodes-base.executeCommand","nodeName":"Run Daily Shorts","nodeId":"34070868-1d09-4fca-a9b2-b5136b512ed4"}}
{"__type":"$$EventMessageConfirm","confirm":"22e85799-95e9-4ea0-bd30-82e76dc7eb71","ts":"2025-12-31T04:53:24.824-05:00","source":{"id":"0","name":"eventBus"}}
{"__type":"$$EventMessageWorkflow","id":"260b54b5-7dda-4636-90b3-d776c590c120","ts":"2025-12-31T04:53:24.826-05:00","eventName":"n8n.workflow.failed","message":"n8n.workflow.failed","payload":{"userId":"c14181ce-9762-42f9-8601-ace4c677dea7","executionId":"5","success":false,"isManual":true,"workflowId":"XHsinTv62BvAq6xE","workflowName":"News Automation - Daily Shorts + Weekly Video","lastNodeExecuted":"Run Daily Shorts","errorNodeType":"n8n-nodes-base.executeCommand","errorMessage":"The connection cannot be established, this usually occurs due to an incorrect host (domain) value"}}
{"__type":"$$EventMessageConfirm","confirm":"260b54b5-7dda-4636-90b3-d776c590c120","ts":"2025-12-31T04:53:24.826-05:00","source":{"id":"0","name":"eventBus"}}
{"__type":"$$EventMessageAudit","id":"ca18bd6c-950d-4ac5-ab2f-a18df95dfb4c","ts":"2025-12-31T04:53:55.746-05:00","eventName":"n8n.audit.user.login.success","message":"n8n.audit.user.login.success","payload":{"userId":"c14181ce-9762-42f9-8601-ace4c677dea7","_email":"shs1124@gmail.com","_firstName":"HS","_lastName":"song","globalRole":"global:owner","authenticationMethod":"email"}}
{"__type":"$$EventMessageConfirm","confirm":"ca18bd6c-950d-4ac5-ab2f-a18df95dfb4c","ts":"2025-12-31T04:53:55.746-05:00","source":{"id":"0","name":"eventBus"}}
{"__type":"$$EventMessageWorkflow","id":"73f3faaf-bc3a-4a70-bfa7-e67fab4ee8a5","ts":"2025-12-31T04:54:01.544-05:00","eventName":"n8n.workflow.started","message":"n8n.workflow.started","payload":{"executionId":"6","workflowId":"XHsinTv62BvAq6xE","isManual":false,"workflowName":"News Automation - Daily Shorts + Weekly Video"}}
{"__type":"$$EventMessageConfirm","confirm":"73f3faaf-bc3a-4a70-bfa7-e67fab4ee8a5","ts":"2025-12-31T04:54:01.544-05:00","source":{"id":"0","name":"eventBus"}}
{"__type":"$$EventMessageNode","id":"14e43add-2e84-4ca1-bf9e-fa73da37cb99","ts":"2025-12-31T04:54:01.545-05:00","eventName":"n8n.node.started","message":"n8n.node.started","payload":{"workflowId":"XHsinTv62BvAq6xE","workflowName":"News Automation - Daily Shorts + Weekly Video","executionId":"6","nodeType":"n8n-nodes-base.scheduleTrigger","nodeName":"Daily 5PM (Publish at 6PM KST)","nodeId":"6a115422-8b41-4746-bfb0-7781141bce1f"}}
{"__type":"$$EventMessageConfirm","confirm":"14e43add-2e84-4ca1-bf9e-fa73da37cb99","ts":"2025-12-31T04:54:01.545-05:00","source":{"id":"0","name":"eventBus"}}
{"__type":"$$EventMessageNode","id":"30a046e2-e4d4-4d06-bf7b-bad205db7b4e","ts":"2025-12-31T04:54:01.546-05:00","eventName":"n8n.node.finished","message":"n8n.node.finished","payload":{"workflowId":"XHsinTv62BvAq6xE","workflowName":"News Automation - Daily Shorts + Weekly Video","executionId":"6","nodeType":"n8n-nodes-base.scheduleTrigger","nodeName":"Daily 5PM (Publish at 6PM KST)","nodeId":"6a115422-8b41-4746-bfb0-7781141bce1f"}}
{"__type":"$$EventMessageConfirm","confirm":"30a046e2-e4d4-4d06-bf7b-bad205db7b4e","ts":"2025-12-31T04:54:01.546-05:00","source":{"id":"0","name":"eventBus"}}
{"__type":"$$EventMessageNode","id":"7a073ae8-7075-4dbb-b542-cb1b960abcbb","ts":"2025-12-31T04:54:01.546-05:00","eventName":"n8n.node.started","message":"n8n.node.started","payload":{"workflowId":"XHsinTv62BvAq6xE","workflowName":"News Automation - Daily Shorts + Weekly Video","executionId":"6","nodeType":"n8n-nodes-base.if","nodeName":"Skip Weekend","nodeId":"5ba34b02-8267-4386-a5ec-9fcc51c818d8"}}
{"__type":"$$EventMessageConfirm","confirm":"7a073ae8-7075-4dbb-b542-cb1b960abcbb","ts":"2025-12-31T04:54:01.546-05:00","source":{"id":"0","name":"eventBus"}}
{"__type":"$$EventMessageNode","id":"6f55a175-c434-4373-bc60-94acc19b0b9f","ts":"2025-12-31T04:54:01.547-05:00","eventName":"n8n.node.finished","message":"n8n.node.finished","payload":{"workflowId":"XHsinTv62BvAq6xE","workflowName":"News Automation - Daily Shorts + Weekly Video","executionId":"6","nodeType":"n8n-nodes-base.if","nodeName":"Skip Weekend","nodeId":"5ba34b02-8267-4386-a5ec-9fcc51c818d8"}}
{"__type":"$$EventMessageConfirm","confirm":"6f55a175-c434-4373-bc60-94acc19b0b9f","ts":"2025-12-31T04:54:01.547-05:00","source":{"id":"0","name":"eventBus"}}
{"__type":"$$EventMessageNode","id":"529c6a51-8a46-4b9a-85a7-87830421bf53","ts":"2025-12-31T04:54:01.547-05:00","eventName":"n8n.node.started","message":"n8n.node.started","payload":{"workflowId":"XHsinTv62BvAq6xE","workflowName":"News Automation - Daily Shorts + Weekly Video","executionId":"6","nodeType":"n8n-nodes-base.executeCommand","nodeName":"Run Daily Shorts","nodeId":"34070868-1d09-4fca-a9b2-b5136b512ed4"}}
{"__type":"$$EventMessageConfirm","confirm":"529c6a51-8a46-4b9a-85a7-87830421bf53","ts":"2025-12-31T04:54:01.547-05:00","source":{"id":"0","name":"eventBus"}}
{"__type":"$$EventMessageNode","id":"1a358b8d-0bb3-4a73-96d6-5aa7983fd570","ts":"2025-12-31T04:54:01.811-05:00","eventName":"n8n.node.finished","message":"n8n.node.finished","payload":{"workflowId":"XHsinTv62BvAq6xE","workflowName":"News Automation - Daily Shorts + Weekly Video","executionId":"6","nodeType":"n8n-nodes-base.executeCommand","nodeName":"Run Daily Shorts","nodeId":"34070868-1d09-4fca-a9b2-b5136b512ed4"}}
{"__type":"$$EventMessageConfirm","confirm":"1a358b8d-0bb3-4a73-96d6-5aa7983fd570","ts":"2025-12-31T04:54:01.811-05:00","source":{"id":"0","name":"eventBus"}}
{"__type":"$$EventMessageWorkflow","id":"14effe30-ae3d-47d3-bfec-837b1ff0e16a","ts":"2025-12-31T04:54:01.812-05:00","eventName":"n8n.workflow.failed","message":"n8n.workflow.failed","payload":{"userId":"c14181ce-9762-42f9-8601-ace4c677dea7","executionId":"6","success":false,"isManual":true,"workflowId":"XHsinTv62BvAq6xE","workflowName":"News Automation - Daily Shorts + Weekly Video","lastNodeExecuted":"Run Daily Shorts","errorNodeType":"n8n-nodes-base.executeCommand","errorMessage":"The connection cannot be established, this usually occurs due to an incorrect host (domain) value"}}
{"__type":"$$EventMessageConfirm","confirm":"14effe30-ae3d-47d3-bfec-837b1ff0e16a","ts":"2025-12-31T04:54:01.812-05:00","source":{"id":"0","name":"eventBus"}}
{"__type":"$$EventMessageWorkflow","id":"edbaaa38-02fe-423d-a379-34677047ed32","ts":"2025-12-31T04:54:15.815-05:00","eventName":"n8n.workflow.failed","message":"n8n.workflow.failed","payload":{"userId":"c14181ce-9762-42f9-8601-ace4c677dea7","executionId":"7","success":false,"isManual":true,"workflowId":"XHsinTv62BvAq6xE","workflowName":"News Automation - Daily Shorts + Weekly Video","errorMessage":"The workflow has issues and cannot be executed for that reason. Please fix them first."}}
{"__type":"$$EventMessageConfirm","confirm":"edbaaa38-02fe-423d-a379-34677047ed32","ts":"2025-12-31T04:54:15.815-05:00","source":{"id":"0","name":"eventBus"}}
{"__type":"$$EventMessageAudit","id":"06c7f1a3-c6ed-4da1-9541-4595ab511b63","ts":"2025-12-31T04:54:26.419-05:00","eventName":"n8n.audit.workflow.updated","message":"n8n.audit.workflow.updated","payload":{"userId":"c14181ce-9762-42f9-8601-ace4c677dea7","_email":"shs1124@gmail.com","_firstName":"HS","_lastName":"song","globalRole":"global:owner","workflowId":"XHsinTv62BvAq6xE","workflowName":"News Automation - Daily Shorts + Weekly Video"}}
{"__type":"$$EventMessageConfirm","confirm":"06c7f1a3-c6ed-4da1-9541-4595ab511b63","ts":"2025-12-31T04:54:26.420-05:00","source":{"id":"0","name":"eventBus"}}
{"__type":"$$EventMessageWorkflow","id":"4d37d844-7208-4953-8236-3bc381587b18","ts":"2025-12-31T04:54:28.047-05:00","eventName":"n8n.workflow.failed","message":"n8n.workflow.failed","payload":{"userId":"c14181ce-9762-42f9-8601-ace4c677dea7","executionId":"8","success":false,"isManual":true,"workflowId":"XHsinTv62BvAq6xE","workflowName":"News Automation - Daily Shorts + Weekly Video","errorMessage":"The workflow has issues and cannot be executed for that reason. Please fix them first."}}
{"__type":"$$EventMessageConfirm","confirm":"4d37d844-7208-4953-8236-3bc381587b18","ts":"2025-12-31T04:54:28.047-05:00","source":{"id":"0","name":"eventBus"}}
{"__type":"$$EventMessageWorkflow","id":"2b1935b7-0222-4e03-9891-de1413ad7d9c","ts":"2025-12-31T04:54:47.822-05:00","eventName":"n8n.workflow.failed","message":"n8n.workflow.failed","payload":{"userId":"c14181ce-9762-42f9-8601-ace4c677dea7","executionId":"9","success":false,"isManual":true,"workflowId":"XHsinTv62BvAq6xE","workflowName":"News Automation - Daily Shorts + Weekly Video","errorMessage":"The workflow has issues and cannot be executed for that reason. Please fix them first."}}
{"__type":"$$EventMessageConfirm","confirm":"2b1935b7-0222-4e03-9891-de1413ad7d9c","ts":"2025-12-31T04:54:47.822-05:00","source":{"id":"0","name":"eventBus"}}
{"__type":"$$EventMessageAudit","id":"868a00e7-9c00-40cd-8909-4a1d5a88db54","ts":"2025-12-31T04:55:21.042-05:00","eventName":"n8n.audit.workflow.updated","message":"n8n.audit.workflow.updated","payload":{"userId":"c14181ce-9762-42f9-8601-ace4c677dea7","_email":"shs1124@gmail.com","_firstName":"HS","_lastName":"song","globalRole":"global:owner","workflowId":"XHsinTv62BvAq6xE","workflowName":"News Automation - Daily Shorts + Weekly Video"}}
{"__type":"$$EventMessageConfirm","confirm":"868a00e7-9c00-40cd-8909-4a1d5a88db54","ts":"2025-12-31T04:55:21.042-05:00","source":{"id":"0","name":"eventBus"}}
{"__type":"$$EventMessageWorkflow","id":"e4fff9e4-4255-4426-802c-567af6881318","ts":"2025-12-31T04:55:23.098-05:00","eventName":"n8n.workflow.failed","message":"n8n.workflow.failed","payload":{"userId":"c14181ce-9762-42f9-8601-ace4c677dea7","executionId":"10","success":false,"isManual":true,"workflowId":"XHsinTv62BvAq6xE","workflowName":"News Automation - Daily Shorts + Weekly Video","errorMessage":"The workflow has issues and cannot be executed for that reason. Please fix them first."}}
{"__type":"$$EventMessageConfirm","confirm":"e4fff9e4-4255-4426-802c-567af6881318","ts":"2025-12-31T04:55:23.098-05:00","source":{"id":"0","name":"eventBus"}}
{"__type":"$$EventMessageAudit","id":"487e1b57-bee9-4d1f-81b2-dd494116d146","ts":"2025-12-31T04:55:33.208-05:00","eventName":"n8n.audit.workflow.updated","message":"n8n.audit.workflow.updated","payload":{"userId":"c14181ce-9762-42f9-8601-ace4c677dea7","_email":"shs1124@gmail.com","_firstName":"HS","_lastName":"song","globalRole":"global:owner","workflowId":"XHsinTv62BvAq6xE","workflowName":"News Automation - Daily Shorts + Weekly Video"}}
{"__type":"$$EventMessageConfirm","confirm":"487e1b57-bee9-4d1f-81b2-dd494116d146","ts":"2025-12-31T04:55:33.208-05:00","source":{"id":"0","name":"eventBus"}}
{"__type":"$$EventMessageWorkflow","id":"d2670b22-3ca6-4299-8f3f-94e145b0c61c","ts":"2025-12-31T04:55:34.137-05:00","eventName":"n8n.workflow.started","message":"n8n.workflow.started","payload":{"executionId":"11","workflowId":"XHsinTv62BvAq6xE","isManual":false,"workflowName":"News Automation - Daily Shorts + Weekly Video"}}
{"__type":"$$EventMessageConfirm","confirm":"d2670b22-3ca6-4299-8f3f-94e145b0c61c","ts":"2025-12-31T04:55:34.137-05:00","source":{"id":"0","name":"eventBus"}}
{"__type":"$$EventMessageNode","id":"17c046c5-4719-46c5-8d4b-6de4e99cd869","ts":"2025-12-31T04:55:34.138-05:00","eventName":"n8n.node.started","message":"n8n.node.started","payload":{"workflowId":"XHsinTv62BvAq6xE","workflowName":"News Automation - Daily Shorts + Weekly Video","executionId":"11","nodeType":"n8n-nodes-base.executeCommand","nodeName":"Execute Command","nodeId":"cbfd2af8-26b4-4f1d-90ca-1e3b262225bf"}}
{"__type":"$$EventMessageConfirm","confirm":"17c046c5-4719-46c5-8d4b-6de4e99cd869","ts":"2025-12-31T04:55:34.138-05:00","source":{"id":"0","name":"eventBus"}}
{"__type":"$$EventMessageNode","id":"cebfa8c7-bd36-4ed5-93dc-110eadbe1b56","ts":"2025-12-31T04:55:34.146-05:00","eventName":"n8n.node.finished","message":"n8n.node.finished","payload":{"workflowId":"XHsinTv62BvAq6xE","workflowName":"News Automation - Daily Shorts + Weekly Video","executionId":"11","nodeType":"n8n-nodes-base.executeCommand","nodeName":"Execute Command","nodeId":"cbfd2af8-26b4-4f1d-90ca-1e3b262225bf"}}
{"__type":"$$EventMessageConfirm","confirm":"cebfa8c7-bd36-4ed5-93dc-110eadbe1b56","ts":"2025-12-31T04:55:34.146-05:00","source":{"id":"0","name":"eventBus"}}
{"__type":"$$EventMessageWorkflow","id":"1bf0822b-8582-4efe-969d-1b522dfc7735","ts":"2025-12-31T04:55:34.147-05:00","eventName":"n8n.workflow.success","message":"n8n.workflow.success","payload":{"userId":"c14181ce-9762-42f9-8601-ace4c677dea7","executionId":"11","success":true,"isManual":true,"workflowId":"XHsinTv62BvAq6xE","workflowName":"News Automation - Daily Shorts + Weekly Video"}}
{"__type":"$$EventMessageConfirm","confirm":"1bf0822b-8582-4efe-969d-1b522dfc7735","ts":"2025-12-31T04:55:34.147-05:00","source":{"id":"0","name":"eventBus"}}
{"__type":"$$EventMessageAudit","id":"86564a69-686e-4199-8dc9-c21cd5574497","ts":"2025-12-31T04:56:01.149-05:00","eventName":"n8n.audit.workflow.updated","message":"n8n.audit.workflow.updated","payload":{"userId":"c14181ce-9762-42f9-8601-ace4c677dea7","_email":"shs1124@gmail.com","_firstName":"HS","_lastName":"song","globalRole":"global:owner","workflowId":"XHsinTv62BvAq6xE","workflowName":"News Automation - Daily Shorts + Weekly Video"}}
{"__type":"$$EventMessageConfirm","confirm":"86564a69-686e-4199-8dc9-c21cd5574497","ts":"2025-12-31T04:56:01.149-05:00","source":{"id":"0","name":"eventBus"}}
{"__type":"$$EventMessageAudit","id":"5629315e-c49d-4008-b917-00726ce40035","ts":"2025-12-31T04:56:10.056-05:00","eventName":"n8n.audit.workflow.updated","message":"n8n.audit.workflow.updated","payload":{"userId":"c14181ce-9762-42f9-8601-ace4c677dea7","_email":"shs1124@gmail.com","_firstName":"HS","_lastName":"song","globalRole":"global:owner","workflowId":"XHsinTv62BvAq6xE","workflowName":"News Automation - Daily Shorts + Weekly Video"}}
{"__type":"$$EventMessageConfirm","confirm":"5629315e-c49d-4008-b917-00726ce40035","ts":"2025-12-31T04:56:10.056-05:00","source":{"id":"0","name":"eventBus"}}
{"__type":"$$EventMessageWorkflow","id":"d197b536-bcc9-4596-8d50-5ad131b70ad6","ts":"2025-12-31T04:56:11.127-05:00","eventName":"n8n.workflow.started","message":"n8n.workflow.started","payload":{"executionId":"12","workflowId":"XHsinTv62BvAq6xE","isManual":false,"workflowName":"News Automation - Daily Shorts + Weekly Video"}}
{"__type":"$$EventMessageConfirm","confirm":"d197b536-bcc9-4596-8d50-5ad131b70ad6","ts":"2025-12-31T04:56:11.127-05:00","source":{"id":"0","name":"eventBus"}}
{"__type":"$$EventMessageNode","id":"6257cca9-22dd-420c-9f7a-21d8afaa4f7e","ts":"2025-12-31T04:56:11.127-05:00","eventName":"n8n.node.started","message":"n8n.node.started","payload":{"workflowId":"XHsinTv62BvAq6xE","workflowName":"News Automation - Daily Shorts + Weekly Video","executionId":"12","nodeType":"n8n-nodes-base.executeCommand","nodeName":"Execute Command","nodeId":"cbfd2af8-26b4-4f1d-90ca-1e3b262225bf"}}
{"__type":"$$EventMessageConfirm","confirm":"6257cca9-22dd-420c-9f7a-21d8afaa4f7e","ts":"2025-12-31T04:56:11.128-05:00","source":{"id":"0","name":"eventBus"}}
{"__type":"$$EventMessageNode","id":"cc7b2c38-aca1-493d-aedb-82c77564691f","ts":"2025-12-31T04:56:11.383-05:00","eventName":"n8n.node.finished","message":"n8n.node.finished","payload":{"workflowId":"XHsinTv62BvAq6xE","workflowName":"News Automation - Daily Shorts + Weekly Video","executionId":"12","nodeType":"n8n-nodes-base.executeCommand","nodeName":"Execute Command","nodeId":"cbfd2af8-26b4-4f1d-90ca-1e3b262225bf"}}
{"__type":"$$EventMessageConfirm","confirm":"cc7b2c38-aca1-493d-aedb-82c77564691f","ts":"2025-12-31T04:56:11.383-05:00","source":{"id":"0","name":"eventBus"}}
{"__type":"$$EventMessageWorkflow","id":"dd014133-f82c-405b-aa33-527a475a4bc1","ts":"2025-12-31T04:56:11.384-05:00","eventName":"n8n.workflow.failed","message":"n8n.workflow.failed","payload":{"userId":"c14181ce-9762-42f9-8601-ace4c677dea7","executionId":"12","success":false,"isManual":true,"workflowId":"XHsinTv62BvAq6xE","workflowName":"News Automation - Daily Shorts + Weekly Video","lastNodeExecuted":"Execute Command","errorNodeType":"n8n-nodes-base.executeCommand","errorMessage":"The connection cannot be established, this usually occurs due to an incorrect host (domain) value"}}
{"__type":"$$EventMessageConfirm","confirm":"dd014133-f82c-405b-aa33-527a475a4bc1","ts":"2025-12-31T04:56:11.384-05:00","source":{"id":"0","name":"eventBus"}}
{"__type":"$$EventMessageWorkflow","id":"787a5bd0-40fd-4347-aea1-307de3e891be","ts":"2025-12-31T04:56:50.914-05:00","eventName":"n8n.workflow.started","message":"n8n.workflow.started","payload":{"executionId":"13","workflowId":"XHsinTv62BvAq6xE","isManual":false,"workflowName":"News Automation - Daily Shorts + Weekly Video"}}
{"__type":"$$EventMessageConfirm","confirm":"787a5bd0-40fd-4347-aea1-307de3e891be","ts":"2025-12-31T04:56:50.914-05:00","source":{"id":"0","name":"eventBus"}}
{"__type":"$$EventMessageNode","id":"7f6b9975-5325-48e2-895a-2447a7922287","ts":"2025-12-31T04:56:50.915-05:00","eventName":"n8n.node.started","message":"n8n.node.started","payload":{"workflowId":"XHsinTv62BvAq6xE","workflowName":"News Automation - Daily Shorts + Weekly Video","executionId":"13","nodeType":"n8n-nodes-base.executeCommand","nodeName":"Execute Command","nodeId":"cbfd2af8-26b4-4f1d-90ca-1e3b262225bf"}}
{"__type":"$$EventMessageConfirm","confirm":"7f6b9975-5325-48e2-895a-2447a7922287","ts":"2025-12-31T04:56:50.915-05:00","source":{"id":"0","name":"eventBus"}}
{"__type":"$$EventMessageNode","id":"3eb6434b-616e-408f-bdf1-cf3188404f04","ts":"2025-12-31T04:56:51.170-05:00","eventName":"n8n.node.finished","message":"n8n.node.finished","payload":{"workflowId":"XHsinTv62BvAq6xE","workflowName":"News Automation - Daily Shorts + Weekly Video","executionId":"13","nodeType":"n8n-nodes-base.executeCommand","nodeName":"Execute Command","nodeId":"cbfd2af8-26b4-4f1d-90ca-1e3b262225bf"}}
{"__type":"$$EventMessageConfirm","confirm":"3eb6434b-616e-408f-bdf1-cf3188404f04","ts":"2025-12-31T04:56:51.170-05:00","source":{"id":"0","name":"eventBus"}}
{"__type":"$$EventMessageWorkflow","id":"b7e29152-8204-4b05-a6ae-30c8efc457e0","ts":"2025-12-31T04:56:51.171-05:00","eventName":"n8n.workflow.failed","message":"n8n.workflow.failed","payload":{"userId":"c14181ce-9762-42f9-8601-ace4c677dea7","executionId":"13","success":false,"isManual":true,"workflowId":"XHsinTv62BvAq6xE","workflowName":"News Automation - Daily Shorts + Weekly Video","lastNodeExecuted":"Execute Command","errorNodeType":"n8n-nodes-base.executeCommand","errorMessage":"The connection cannot be established, this usually occurs due to an incorrect host (domain) value"}}
{"__type":"$$EventMessageConfirm","confirm":"b7e29152-8204-4b05-a6ae-30c8efc457e0","ts":"2025-12-31T04:56:51.171-05:00","source":{"id":"0","name":"eventBus"}}
{"__type":"$$EventMessageAudit","id":"73059c11-e45b-4bf5-a235-2cbac878894e","ts":"2025-12-31T05:00:00.425-05:00","eventName":"n8n.audit.workflow.updated","message":"n8n.audit.workflow.updated","payload":{"userId":"c14181ce-9762-42f9-8601-ace4c677dea7","_email":"shs1124@gmail.com","_firstName":"HS","_lastName":"song","globalRole":"global:owner","workflowId":"XHsinTv62BvAq6xE","workflowName":"News Automation - Daily Shorts + Weekly Video"}}
{"__type":"$$EventMessageConfirm","confirm":"73059c11-e45b-4bf5-a235-2cbac878894e","ts":"2025-12-31T05:00:00.425-05:00","source":{"id":"0","name":"eventBus"}}
{"__type":"$$EventMessageWorkflow","id":"d2b82977-2e86-4212-8905-787a4bfab72d","ts":"2025-12-31T05:00:00.644-05:00","eventName":"n8n.workflow.started","message":"n8n.workflow.started","payload":{"executionId":"14","workflowId":"XHsinTv62BvAq6xE","isManual":false,"workflowName":"News Automation - Daily Shorts + Weekly Video"}}
{"__type":"$$EventMessageConfirm","confirm":"d2b82977-2e86-4212-8905-787a4bfab72d","ts":"2025-12-31T05:00:00.644-05:00","source":{"id":"0","name":"eventBus"}}
{"__type":"$$EventMessageNode","id":"bc7780b7-d42f-4868-8eab-a9001786e4aa","ts":"2025-12-31T05:00:00.645-05:00","eventName":"n8n.node.started","message":"n8n.node.started","payload":{"workflowId":"XHsinTv62BvAq6xE","workflowName":"News Automation - Daily Shorts + Weekly Video","executionId":"14","nodeType":"n8n-nodes-base.executeCommand","nodeName":"Execute Command","nodeId":"cbfd2af8-26b4-4f1d-90ca-1e3b262225bf"}}
{"__type":"$$EventMessageConfirm","confirm":"bc7780b7-d42f-4868-8eab-a9001786e4aa","ts":"2025-12-31T05:00:00.645-05:00","source":{"id":"0","name":"eventBus"}}
{"__type":"$$EventMessageNode","id":"99d66f81-4453-44be-af2a-f7c1ba05d63b","ts":"2025-12-31T05:00:00.793-05:00","eventName":"n8n.node.finished","message":"n8n.node.finished","payload":{"workflowId":"XHsinTv62BvAq6xE","workflowName":"News Automation - Daily Shorts + Weekly Video","executionId":"14","nodeType":"n8n-nodes-base.executeCommand","nodeName":"Execute Command","nodeId":"cbfd2af8-26b4-4f1d-90ca-1e3b262225bf"}}
{"__type":"$$EventMessageConfirm","confirm":"99d66f81-4453-44be-af2a-f7c1ba05d63b","ts":"2025-12-31T05:00:00.793-05:00","source":{"id":"0","name":"eventBus"}}
{"__type":"$$EventMessageWorkflow","id":"6b745070-31bf-44e3-aa59-3dd871a16f35","ts":"2025-12-31T05:00:00.794-05:00","eventName":"n8n.workflow.failed","message":"n8n.workflow.failed","payload":{"userId":"c14181ce-9762-42f9-8601-ace4c677dea7","executionId":"14","success":false,"isManual":true,"workflowId":"XHsinTv62BvAq6xE","workflowName":"News Automation - Daily Shorts + Weekly Video","lastNodeExecuted":"Execute Command","errorNodeType":"n8n-nodes-base.executeCommand","errorMessage":"The connection cannot be established, this usually occurs due to an incorrect host (domain) value"}}
{"__type":"$$EventMessageConfirm","confirm":"6b745070-31bf-44e3-aa59-3dd871a16f35","ts":"2025-12-31T05:00:00.794-05:00","source":{"id":"0","name":"eventBus"}}
{"__type":"$$EventMessageWorkflow","id":"69c0fa94-442c-484a-b21c-3bccc4b67f2f","ts":"2025-12-31T05:00:07.074-05:00","eventName":"n8n.workflow.started","message":"n8n.workflow.started","payload":{"executionId":"15","workflowId":"XHsinTv62BvAq6xE","isManual":false,"workflowName":"News Automation - Daily Shorts + Weekly Video"}}
{"__type":"$$EventMessageConfirm","confirm":"69c0fa94-442c-484a-b21c-3bccc4b67f2f","ts":"2025-12-31T05:00:07.074-05:00","source":{"id":"0","name":"eventBus"}}
{"__type":"$$EventMessageNode","id":"3db9ab65-17ee-4979-8669-0fe15f857a85","ts":"2025-12-31T05:00:07.075-05:00","eventName":"n8n.node.started","message":"n8n.node.started","payload":{"workflowId":"XHsinTv62BvAq6xE","workflowName":"News Automation - Daily Shorts + Weekly Video","executionId":"15","nodeType":"n8n-nodes-base.executeCommand","nodeName":"Execute Command","nodeId":"cbfd2af8-26b4-4f1d-90ca-1e3b262225bf"}}
{"__type":"$$EventMessageConfirm","confirm":"3db9ab65-17ee-4979-8669-0fe15f857a85","ts":"2025-12-31T05:00:07.075-05:00","source":{"id":"0","name":"eventBus"}}
{"__type":"$$EventMessageNode","id":"6779820d-f3e2-4ce5-a11d-4d20f3bc5cfe","ts":"2025-12-31T05:00:07.228-05:00","eventName":"n8n.node.finished","message":"n8n.node.finished","payload":{"workflowId":"XHsinTv62BvAq6xE","workflowName":"News Automation - Daily Shorts + Weekly Video","executionId":"15","nodeType":"n8n-nodes-base.executeCommand","nodeName":"Execute Command","nodeId":"cbfd2af8-26b4-4f1d-90ca-1e3b262225bf"}}
{"__type":"$$EventMessageConfirm","confirm":"6779820d-f3e2-4ce5-a11d-4d20f3bc5cfe","ts":"2025-12-31T05:00:07.228-05:00","source":{"id":"0","name":"eventBus"}}
{"__type":"$$EventMessageWorkflow","id":"5b7a3c19-034e-4c4c-a697-9aa81ab8bfec","ts":"2025-12-31T05:00:07.229-05:00","eventName":"n8n.workflow.failed","message":"n8n.workflow.failed","payload":{"userId":"c14181ce-9762-42f9-8601-ace4c677dea7","executionId":"15","success":false,"isManual":true,"workflowId":"XHsinTv62BvAq6xE","workflowName":"News Automation - Daily Shorts + Weekly Video","lastNodeExecuted":"Execute Command","errorNodeType":"n8n-nodes-base.executeCommand","errorMessage":"The connection cannot be established, this usually occurs due to an incorrect host (domain) value"}}
{"__type":"$$EventMessageConfirm","confirm":"5b7a3c19-034e-4c4c-a697-9aa81ab8bfec","ts":"2025-12-31T05:00:07.229-05:00","source":{"id":"0","name":"eventBus"}}
